2022-01-25 08:53:57,033 [Worker-5: Loading available Gradle versions] INFO  o.e.b.c.i.u.g.PublishedGradleVersions - Gradle version information cache is up-to-date. Trying to read.
2022-01-25 10:10:01,963 [ModalContext] INFO  o.e.m.c.i.e.AbstractTransferListenerAdapter - Downloading https://repo1.maven.org/maven2/org/apache/maven/archetypes/maven-archetype-webapp/1.4/maven-archetype-webapp-1.4.jar
2022-01-25 10:10:02,169 [ModalContext] INFO  o.e.m.c.i.e.AbstractTransferListenerAdapter - Downloaded https://repo1.maven.org/maven2/org/apache/maven/archetypes/maven-archetype-webapp/1.4/maven-archetype-webapp-1.4.jar
2022-01-25 10:10:02,267 [ModalContext] INFO  o.e.m.c.i.e.AbstractTransferListenerAdapter - Downloading https://repo1.maven.org/maven2/org/apache/maven/archetypes/maven-archetype-webapp/1.4/maven-archetype-webapp-1.4.pom
2022-01-25 10:10:02,408 [ModalContext] INFO  o.e.m.c.i.e.AbstractTransferListenerAdapter - Downloaded https://repo1.maven.org/maven2/org/apache/maven/archetypes/maven-archetype-webapp/1.4/maven-archetype-webapp-1.4.pom
2022-01-25 10:12:18,977 [Worker-14: Creating maven-archetype-webapp] INFO  o.e.m.c.i.p.ProjectConfigurationManager - Collecting project info '/pom.xml' C:\Users\USUARIO\eclipse-workspace\carlosT\proyectMaven\project_maven\pom.xml
2022-01-25 10:12:25,637 [Worker-14: Creating maven-archetype-webapp] INFO  o.e.m.c.i.l.LifecycleMappingFactory - Using org.maven.ide.eclipse.wtp.WarLifecycleMapping lifecycle mapping for MavenProject: com.tafur.maven:project_maven:0.0.1-SNAPSHOT @ C:\Users\USUARIO\eclipse-workspace\carlosT\proyectMaven\project_maven\pom.xml.
2022-01-25 10:12:33,955 [Worker-14: Creating maven-archetype-webapp] INFO  o.e.m.j.i.AbstractJavaProjectConfigurator - Adding source folder /project_maven/src/main/java
2022-01-25 10:12:33,957 [Worker-14: Creating maven-archetype-webapp] INFO  o.e.m.j.i.AbstractJavaProjectConfigurator - Adding source folder /project_maven/src/test/java
2022-01-25 10:12:38,394 [Worker-14: Creating maven-archetype-webapp] INFO  o.e.m.c.i.e.AbstractTransferListenerAdapter - Downloading https://repo.maven.apache.org/maven2/org/apache/maven/plugins/maven-clean-plugin/3.1.0/maven-clean-plugin-3.1.0.pom
2022-01-25 10:12:38,622 [Worker-14: Creating maven-archetype-webapp] INFO  o.e.m.c.i.e.AbstractTransferListenerAdapter - Downloaded https://repo.maven.apache.org/maven2/org/apache/maven/plugins/maven-clean-plugin/3.1.0/maven-clean-plugin-3.1.0.pom
2022-01-25 10:12:39,334 [Worker-14: Creating maven-archetype-webapp] INFO  o.e.m.c.i.p.ProjectConfigurationManager - Imported and configured 1 project(s) in 20 sec
2022-01-25 10:12:43,702 [Worker-26: Building] INFO  o.e.m.c.i.embedder.EclipseLogger - Using 'UTF-8' encoding to copy filtered resources.
2022-01-25 10:12:43,704 [Worker-26: Building] INFO  o.e.m.c.i.embedder.EclipseLogger - skip non existing resourceDirectory C:\Users\USUARIO\eclipse-workspace\carlosT\proyectMaven\project_maven\src\main\resources
2022-01-25 10:12:43,772 [Worker-26: Building] INFO  o.e.m.c.i.embedder.EclipseLogger - Using 'UTF-8' encoding to copy filtered resources.
2022-01-25 10:12:43,773 [Worker-26: Building] INFO  o.e.m.c.i.embedder.EclipseLogger - skip non existing resourceDirectory C:\Users\USUARIO\eclipse-workspace\carlosT\proyectMaven\project_maven\src\test\resources
2022-01-25 10:15:30,579 [Worker-28: Building] INFO  o.e.m.c.i.l.LifecycleMappingFactory - Using org.maven.ide.eclipse.wtp.WarLifecycleMapping lifecycle mapping for MavenProject: com.tafur.maven:project_maven:0.0.1-SNAPSHOT @ C:\Users\USUARIO\eclipse-workspace\carlosT\proyectMaven\project_maven\pom.xml.
2022-01-25 10:15:31,747 [Worker-28: Building] INFO  o.e.m.c.i.embedder.EclipseLogger - Using 'UTF-8' encoding to copy filtered resources.
2022-01-25 10:15:31,748 [Worker-28: Building] INFO  o.e.m.c.i.embedder.EclipseLogger - skip non existing resourceDirectory C:\Users\USUARIO\eclipse-workspace\carlosT\proyectMaven\project_maven\src\main\resources
2022-01-25 10:15:31,752 [Worker-28: Building] INFO  o.e.m.c.i.embedder.EclipseLogger - Using 'UTF-8' encoding to copy filtered resources.
2022-01-25 10:15:31,753 [Worker-28: Building] INFO  o.e.m.c.i.embedder.EclipseLogger - skip non existing resourceDirectory C:\Users\USUARIO\eclipse-workspace\carlosT\proyectMaven\project_maven\src\test\resources
2022-01-25 10:15:31,758 [Worker-28: Building] INFO  o.e.m.w.i.f.ResourceFilteringBuildParticipant - Changed resources require a complete clean of filtered resources of project_maven
2022-01-25 10:15:31,759 [Worker-28: Building] INFO  o.e.m.w.i.f.ResourceFilteringBuildParticipant - Executing resource filtering for project_maven
2022-01-25 10:15:31,769 [Worker-28: Building] INFO  o.e.m.c.i.embedder.EclipseLogger - Using 'UTF-8' encoding to copy filtered resources.
2022-01-25 10:17:21,892 [Worker-26: Updating Maven Project] INFO  o.e.m.c.i.p.ProjectConfigurationManager - Update started
2022-01-25 10:17:22,630 [Worker-26: Updating Maven Project] INFO  o.e.m.c.i.l.LifecycleMappingFactory - Using org.maven.ide.eclipse.wtp.WarLifecycleMapping lifecycle mapping for MavenProject: com.tafur.maven:project_maven:0.0.1-SNAPSHOT @ C:\Users\USUARIO\eclipse-workspace\carlosT\proyectMaven\project_maven\pom.xml.
2022-01-25 10:17:23,893 [Worker-26: Updating Maven Project] INFO  o.e.m.j.i.AbstractJavaProjectConfigurator - Adding source folder /project_maven/src/main/java
2022-01-25 10:17:23,894 [Worker-26: Updating Maven Project] INFO  o.e.m.j.i.AbstractJavaProjectConfigurator - Adding source folder /project_maven/src/test/java
2022-01-25 10:17:24,712 [Worker-26: Updating Maven Project] INFO  o.e.m.w.i.f.ResourceFilteringBuildParticipant - Cleaning filtered folder for project_maven
2022-01-25 10:17:24,736 [Worker-26: Updating Maven Project] INFO  o.e.m.c.i.p.ProjectConfigurationManager - Update completed: 2 sec
2022-01-25 10:17:24,890 [Worker-26: Building Project project_maven] INFO  o.e.m.c.i.embedder.EclipseLogger - Using 'UTF-8' encoding to copy filtered resources.
2022-01-25 10:17:24,891 [Worker-26: Building Project project_maven] INFO  o.e.m.c.i.embedder.EclipseLogger - skip non existing resourceDirectory C:\Users\USUARIO\eclipse-workspace\carlosT\proyectMaven\project_maven\src\main\resources
2022-01-25 10:17:24,898 [Worker-26: Building Project project_maven] INFO  o.e.m.c.i.embedder.EclipseLogger - Using 'UTF-8' encoding to copy filtered resources.
2022-01-25 10:17:24,899 [Worker-26: Building Project project_maven] INFO  o.e.m.c.i.embedder.EclipseLogger - skip non existing resourceDirectory C:\Users\USUARIO\eclipse-workspace\carlosT\proyectMaven\project_maven\src\test\resources
2022-01-25 10:17:24,903 [Worker-26: Building Project project_maven] INFO  o.e.m.w.i.f.ResourceFilteringBuildParticipant - Changed resources require a complete clean of filtered resources of project_maven
2022-01-25 10:17:24,904 [Worker-26: Building Project project_maven] INFO  o.e.m.w.i.f.ResourceFilteringBuildParticipant - Executing resource filtering for project_maven
2022-01-25 10:17:24,945 [Worker-26: Building Project project_maven] INFO  o.e.m.c.i.embedder.EclipseLogger - Using 'UTF-8' encoding to copy filtered resources.
2022-01-25 11:08:08,504 [Worker-45: Building] INFO  o.e.m.c.i.l.LifecycleMappingFactory - Using org.maven.ide.eclipse.wtp.WarLifecycleMapping lifecycle mapping for MavenProject: com.tafur.maven:project_maven:0.0.1-SNAPSHOT @ C:\Users\USUARIO\eclipse-workspace\carlosT\proyectMaven\project_maven\pom.xml.
2022-01-25 11:08:13,030 [Worker-45: Building] INFO  o.e.m.c.i.embedder.EclipseLogger - Using 'UTF-8' encoding to copy filtered resources.
2022-01-25 11:08:13,031 [Worker-45: Building] INFO  o.e.m.c.i.embedder.EclipseLogger - skip non existing resourceDirectory C:\Users\USUARIO\eclipse-workspace\carlosT\proyectMaven\project_maven\src\main\resources
2022-01-25 11:08:13,038 [Worker-45: Building] INFO  o.e.m.c.i.embedder.EclipseLogger - Using 'UTF-8' encoding to copy filtered resources.
2022-01-25 11:08:13,038 [Worker-45: Building] INFO  o.e.m.c.i.embedder.EclipseLogger - skip non existing resourceDirectory C:\Users\USUARIO\eclipse-workspace\carlosT\proyectMaven\project_maven\src\test\resources
2022-01-25 11:08:13,040 [Worker-45: Building] INFO  o.e.m.w.i.f.ResourceFilteringBuildParticipant - Changed resources require a complete clean of filtered resources of project_maven
2022-01-25 11:08:13,041 [Worker-45: Building] INFO  o.e.m.w.i.f.ResourceFilteringBuildParticipant - Executing resource filtering for project_maven
2022-01-25 11:08:13,052 [Worker-45: Building] INFO  o.e.m.c.i.embedder.EclipseLogger - Using 'UTF-8' encoding to copy filtered resources.
2022-01-25 11:08:14,212 [Worker-44: Download sources and javadoc] INFO  o.e.m.c.i.e.AbstractTransferListenerAdapter - Downloading https://repo.maven.apache.org/maven2/javax/servlet/javax.servlet-api/4.0.1/javax.servlet-api-4.0.1-sources.jar
2022-01-25 11:08:16,468 [Worker-44: Download sources and javadoc] INFO  o.e.m.c.i.e.AbstractTransferListenerAdapter - Downloaded https://repo.maven.apache.org/maven2/javax/servlet/javax.servlet-api/4.0.1/javax.servlet-api-4.0.1-sources.jar
2022-01-25 11:08:16,477 [Worker-44: Download sources and javadoc] INFO  o.e.m.j.internal.DownloadSourcesJob - Downloaded sources for javax.servlet:javax.servlet-api:4.0.1
2022-01-25 11:08:16,703 [Worker-44: Building] INFO  o.e.m.c.i.embedder.EclipseLogger - Using 'UTF-8' encoding to copy filtered resources.
2022-01-25 11:08:16,704 [Worker-44: Building] INFO  o.e.m.c.i.embedder.EclipseLogger - skip non existing resourceDirectory C:\Users\USUARIO\eclipse-workspace\carlosT\proyectMaven\project_maven\src\main\resources
2022-01-25 11:08:16,707 [Worker-44: Building] INFO  o.e.m.c.i.embedder.EclipseLogger - Using 'UTF-8' encoding to copy filtered resources.
2022-01-25 11:08:16,708 [Worker-44: Building] INFO  o.e.m.c.i.embedder.EclipseLogger - skip non existing resourceDirectory C:\Users\USUARIO\eclipse-workspace\carlosT\proyectMaven\project_maven\src\test\resources
2022-01-25 11:10:11,086 [Worker-46: Updating Maven Project] INFO  o.e.m.c.i.p.ProjectConfigurationManager - Update started
2022-01-25 11:10:11,665 [Worker-46: Updating Maven Project] INFO  o.e.m.c.i.l.LifecycleMappingFactory - Using org.maven.ide.eclipse.wtp.WarLifecycleMapping lifecycle mapping for MavenProject: com.tafur.maven:project_maven:0.0.1-SNAPSHOT @ C:\Users\USUARIO\eclipse-workspace\carlosT\proyectMaven\project_maven\pom.xml.
2022-01-25 11:10:12,939 [Worker-46: Updating Maven Project] INFO  o.e.m.j.i.AbstractJavaProjectConfigurator - Adding source folder /project_maven/src/main/java
2022-01-25 11:10:12,941 [Worker-46: Updating Maven Project] INFO  o.e.m.j.i.AbstractJavaProjectConfigurator - Adding source folder /project_maven/src/test/java
2022-01-25 11:10:14,183 [Worker-46: Updating Maven Project] INFO  o.e.m.w.i.f.ResourceFilteringBuildParticipant - Cleaning filtered folder for project_maven
2022-01-25 11:10:14,197 [Worker-46: Updating Maven Project] INFO  o.e.m.c.i.p.ProjectConfigurationManager - Update completed: 3 sec
2022-01-25 11:10:14,596 [Worker-47: Building] INFO  o.e.m.c.i.embedder.EclipseLogger - Using 'UTF-8' encoding to copy filtered resources.
2022-01-25 11:10:14,597 [Worker-47: Building] INFO  o.e.m.c.i.embedder.EclipseLogger - skip non existing resourceDirectory C:\Users\USUARIO\eclipse-workspace\carlosT\proyectMaven\project_maven\src\main\resources
2022-01-25 11:10:14,602 [Worker-47: Building] INFO  o.e.m.c.i.embedder.EclipseLogger - Using 'UTF-8' encoding to copy filtered resources.
2022-01-25 11:10:14,602 [Worker-47: Building] INFO  o.e.m.c.i.embedder.EclipseLogger - skip non existing resourceDirectory C:\Users\USUARIO\eclipse-workspace\carlosT\proyectMaven\project_maven\src\test\resources
2022-01-25 11:10:14,603 [Worker-47: Building] INFO  o.e.m.w.i.f.ResourceFilteringBuildParticipant - Changed resources require a complete clean of filtered resources of project_maven
2022-01-25 11:10:14,603 [Worker-47: Building] INFO  o.e.m.w.i.f.ResourceFilteringBuildParticipant - Executing resource filtering for project_maven
2022-01-25 11:10:14,632 [Worker-47: Building] INFO  o.e.m.c.i.embedder.EclipseLogger - Using 'UTF-8' encoding to copy filtered resources.
2022-01-25 11:11:49,814 [Worker-47: Building] INFO  o.e.m.c.i.l.LifecycleMappingFactory - Using org.maven.ide.eclipse.wtp.WarLifecycleMapping lifecycle mapping for MavenProject: com.tafur.maven:project_maven:0.0.1-SNAPSHOT @ C:\Users\USUARIO\eclipse-workspace\carlosT\proyectMaven\project_maven\pom.xml.
2022-01-25 11:11:51,408 [Worker-47: Building] INFO  o.e.m.c.i.embedder.EclipseLogger - Using 'UTF-8' encoding to copy filtered resources.
2022-01-25 11:11:51,409 [Worker-47: Building] INFO  o.e.m.c.i.embedder.EclipseLogger - skip non existing resourceDirectory C:\Users\USUARIO\eclipse-workspace\carlosT\proyectMaven\project_maven\src\main\resources
2022-01-25 11:11:51,416 [Worker-47: Building] INFO  o.e.m.c.i.embedder.EclipseLogger - Using 'UTF-8' encoding to copy filtered resources.
2022-01-25 11:11:51,416 [Worker-47: Building] INFO  o.e.m.c.i.embedder.EclipseLogger - skip non existing resourceDirectory C:\Users\USUARIO\eclipse-workspace\carlosT\proyectMaven\project_maven\src\test\resources
2022-01-25 11:11:51,417 [Worker-47: Building] INFO  o.e.m.w.i.f.ResourceFilteringBuildParticipant - Changed resources require a complete clean of filtered resources of project_maven
2022-01-25 11:11:51,417 [Worker-47: Building] INFO  o.e.m.w.i.f.ResourceFilteringBuildParticipant - Executing resource filtering for project_maven
2022-01-25 11:11:51,430 [Worker-47: Building] INFO  o.e.m.c.i.embedder.EclipseLogger - Using 'UTF-8' encoding to copy filtered resources.
2022-01-25 11:11:57,394 [Worker-45: Download sources and javadoc] INFO  o.e.m.c.i.e.AbstractTransferListenerAdapter - Downloaded https://repo.maven.apache.org/maven2/javax/servlet/javax.servlet-api/4.0.0/javax.servlet-api-4.0.0-sources.jar
2022-01-25 11:11:57,428 [Worker-45: Download sources and javadoc] ERROR o.e.m.j.internal.DownloadSourcesJob - Could not download sources for javax.servlet:javax.servlet-api:4.0.0
org.eclipse.core.runtime.CoreException: Could not resolve artifact javax.servlet:javax.servlet-api:jar:sources:4.0.0
	at org.eclipse.m2e.core.internal.embedder.MavenImpl.lambda$4(MavenImpl.java:828)
	at org.eclipse.m2e.core.internal.embedder.MavenExecutionContext.executeBare(MavenExecutionContext.java:182)
	at org.eclipse.m2e.core.internal.embedder.MavenExecutionContext.execute(MavenExecutionContext.java:117)
	at org.eclipse.m2e.core.internal.embedder.MavenExecutionContext.execute(MavenExecutionContext.java:103)
	at org.eclipse.m2e.core.internal.embedder.MavenImpl.resolve(MavenImpl.java:796)
	at org.eclipse.m2e.core.internal.embedder.MavenImpl.resolve(MavenImpl.java:773)
	at org.eclipse.m2e.jdt.internal.DownloadSourcesJob.download(DownloadSourcesJob.java:311)
	at org.eclipse.m2e.jdt.internal.DownloadSourcesJob.downloadAttachments(DownloadSourcesJob.java:285)
	at org.eclipse.m2e.jdt.internal.DownloadSourcesJob.downloadMaven(DownloadSourcesJob.java:255)
	at org.eclipse.m2e.jdt.internal.DownloadSourcesJob.downloadFilesAndPopulateToUpdate(DownloadSourcesJob.java:223)
	at org.eclipse.m2e.jdt.internal.DownloadSourcesJob.lambda$0(DownloadSourcesJob.java:152)
	at org.eclipse.m2e.core.internal.embedder.MavenExecutionContext.executeBare(MavenExecutionContext.java:182)
	at org.eclipse.m2e.core.internal.embedder.MavenExecutionContext.execute(MavenExecutionContext.java:156)
	at org.eclipse.m2e.core.internal.embedder.MavenExecutionContext.execute(MavenExecutionContext.java:103)
	at org.eclipse.m2e.core.internal.embedder.MavenImpl.execute(MavenImpl.java:1416)
	at org.eclipse.m2e.jdt.internal.DownloadSourcesJob.run(DownloadSourcesJob.java:152)
	at org.eclipse.core.internal.jobs.Worker.run(Worker.java:63)
2022-01-25 11:12:13,745 [Worker-46: Updating Maven Project] INFO  o.e.m.c.i.p.ProjectConfigurationManager - Update started
2022-01-25 11:12:14,202 [Worker-46: Updating Maven Project] INFO  o.e.m.c.i.l.LifecycleMappingFactory - Using org.maven.ide.eclipse.wtp.WarLifecycleMapping lifecycle mapping for MavenProject: com.tafur.maven:project_maven:0.0.1-SNAPSHOT @ C:\Users\USUARIO\eclipse-workspace\carlosT\proyectMaven\project_maven\pom.xml.
2022-01-25 11:12:15,301 [Worker-46: Updating Maven Project] INFO  o.e.m.j.i.AbstractJavaProjectConfigurator - Adding source folder /project_maven/src/main/java
2022-01-25 11:12:15,302 [Worker-46: Updating Maven Project] INFO  o.e.m.j.i.AbstractJavaProjectConfigurator - Adding source folder /project_maven/src/test/java
2022-01-25 11:12:15,750 [Worker-46: Updating Maven Project] INFO  o.e.m.w.i.f.ResourceFilteringBuildParticipant - Cleaning filtered folder for project_maven
2022-01-25 11:12:15,788 [Worker-46: Updating Maven Project] INFO  o.e.m.c.i.p.ProjectConfigurationManager - Update completed: 2 sec
2022-01-25 11:12:16,531 [Worker-42: Building] INFO  o.e.m.c.i.embedder.EclipseLogger - Using 'UTF-8' encoding to copy filtered resources.
2022-01-25 11:12:16,532 [Worker-42: Building] INFO  o.e.m.c.i.embedder.EclipseLogger - skip non existing resourceDirectory C:\Users\USUARIO\eclipse-workspace\carlosT\proyectMaven\project_maven\src\main\resources
2022-01-25 11:12:16,540 [Worker-42: Building] INFO  o.e.m.c.i.embedder.EclipseLogger - Using 'UTF-8' encoding to copy filtered resources.
2022-01-25 11:12:16,541 [Worker-42: Building] INFO  o.e.m.c.i.embedder.EclipseLogger - skip non existing resourceDirectory C:\Users\USUARIO\eclipse-workspace\carlosT\proyectMaven\project_maven\src\test\resources
2022-01-25 11:12:16,541 [Worker-42: Building] INFO  o.e.m.w.i.f.ResourceFilteringBuildParticipant - Changed resources require a complete clean of filtered resources of project_maven
2022-01-25 11:12:16,541 [Worker-42: Building] INFO  o.e.m.w.i.f.ResourceFilteringBuildParticipant - Executing resource filtering for project_maven
2022-01-25 11:12:16,552 [Worker-42: Building] INFO  o.e.m.c.i.embedder.EclipseLogger - Using 'UTF-8' encoding to copy filtered resources.
2022-01-25 11:12:16,715 [Worker-45: Download sources and javadoc] INFO  o.e.m.c.i.e.AbstractTransferListenerAdapter - Downloading https://repo.maven.apache.org/maven2/javax/servlet/javax.servlet-api/4.0.0/javax.servlet-api-4.0.0-javadoc.jar
2022-01-25 11:12:25,155 [Worker-45: Download sources and javadoc] INFO  o.e.m.c.i.e.AbstractTransferListenerAdapter - Downloaded https://repo.maven.apache.org/maven2/javax/servlet/javax.servlet-api/4.0.0/javax.servlet-api-4.0.0-javadoc.jar
2022-01-25 11:12:25,162 [Worker-45: Download sources and javadoc] INFO  o.e.m.j.internal.DownloadSourcesJob - Downloaded javadoc for javax.servlet:javax.servlet-api:4.0.0
2022-01-25 11:12:25,388 [Worker-42: Building] INFO  o.e.m.c.i.embedder.EclipseLogger - Using 'UTF-8' encoding to copy filtered resources.
2022-01-25 11:12:25,388 [Worker-42: Building] INFO  o.e.m.c.i.embedder.EclipseLogger - skip non existing resourceDirectory C:\Users\USUARIO\eclipse-workspace\carlosT\proyectMaven\project_maven\src\main\resources
2022-01-25 11:12:25,391 [Worker-42: Building] INFO  o.e.m.c.i.embedder.EclipseLogger - Using 'UTF-8' encoding to copy filtered resources.
2022-01-25 11:12:25,392 [Worker-42: Building] INFO  o.e.m.c.i.embedder.EclipseLogger - skip non existing resourceDirectory C:\Users\USUARIO\eclipse-workspace\carlosT\proyectMaven\project_maven\src\test\resources
2022-01-25 11:18:54,312 [Worker-42: Building] INFO  o.e.m.c.i.l.LifecycleMappingFactory - Using org.maven.ide.eclipse.wtp.WarLifecycleMapping lifecycle mapping for MavenProject: com.tafur.maven:project_maven:0.0.1-SNAPSHOT @ C:\Users\USUARIO\eclipse-workspace\carlosT\proyectMaven\project_maven\pom.xml.
2022-01-25 11:18:55,624 [Worker-42: Building] INFO  o.e.m.c.i.embedder.EclipseLogger - Using 'UTF-8' encoding to copy filtered resources.
2022-01-25 11:18:55,625 [Worker-42: Building] INFO  o.e.m.c.i.embedder.EclipseLogger - skip non existing resourceDirectory C:\Users\USUARIO\eclipse-workspace\carlosT\proyectMaven\project_maven\src\main\resources
2022-01-25 11:18:55,630 [Worker-42: Building] INFO  o.e.m.c.i.embedder.EclipseLogger - Using 'UTF-8' encoding to copy filtered resources.
2022-01-25 11:18:55,631 [Worker-42: Building] INFO  o.e.m.c.i.embedder.EclipseLogger - skip non existing resourceDirectory C:\Users\USUARIO\eclipse-workspace\carlosT\proyectMaven\project_maven\src\test\resources
2022-01-25 11:18:55,632 [Worker-42: Building] INFO  o.e.m.w.i.f.ResourceFilteringBuildParticipant - Changed resources require a complete clean of filtered resources of project_maven
2022-01-25 11:18:55,632 [Worker-42: Building] INFO  o.e.m.w.i.f.ResourceFilteringBuildParticipant - Executing resource filtering for project_maven
2022-01-25 11:18:55,643 [Worker-42: Building] INFO  o.e.m.c.i.embedder.EclipseLogger - Using 'UTF-8' encoding to copy filtered resources.
2022-01-25 11:22:53,892 [Worker-42: Building] INFO  o.e.m.c.i.l.LifecycleMappingFactory - Using org.maven.ide.eclipse.wtp.WarLifecycleMapping lifecycle mapping for MavenProject: com.tafur.maven:project_maven:0.0.1-SNAPSHOT @ C:\Users\USUARIO\eclipse-workspace\carlosT\proyectMaven\project_maven\pom.xml.
2022-01-25 11:22:55,349 [Worker-42: Building] INFO  o.e.m.c.i.embedder.EclipseLogger - Using 'UTF-8' encoding to copy filtered resources.
2022-01-25 11:22:55,350 [Worker-42: Building] INFO  o.e.m.c.i.embedder.EclipseLogger - skip non existing resourceDirectory C:\Users\USUARIO\eclipse-workspace\carlosT\proyectMaven\project_maven\src\main\resources
2022-01-25 11:22:55,355 [Worker-42: Building] INFO  o.e.m.c.i.embedder.EclipseLogger - Using 'UTF-8' encoding to copy filtered resources.
2022-01-25 11:22:55,355 [Worker-42: Building] INFO  o.e.m.c.i.embedder.EclipseLogger - skip non existing resourceDirectory C:\Users\USUARIO\eclipse-workspace\carlosT\proyectMaven\project_maven\src\test\resources
2022-01-25 11:22:55,356 [Worker-42: Building] INFO  o.e.m.w.i.f.ResourceFilteringBuildParticipant - Changed resources require a complete clean of filtered resources of project_maven
2022-01-25 11:22:55,356 [Worker-42: Building] INFO  o.e.m.w.i.f.ResourceFilteringBuildParticipant - Executing resource filtering for project_maven
2022-01-25 11:22:55,366 [Worker-42: Building] INFO  o.e.m.c.i.embedder.EclipseLogger - Using 'UTF-8' encoding to copy filtered resources.
2022-01-25 11:23:59,279 [Worker-51: Updating Maven Project] INFO  o.e.m.c.i.p.ProjectConfigurationManager - Update started
2022-01-25 11:24:00,097 [Worker-51: Updating Maven Project] INFO  o.e.m.c.i.l.LifecycleMappingFactory - Using org.maven.ide.eclipse.wtp.WarLifecycleMapping lifecycle mapping for MavenProject: com.tafur.maven:project_maven:0.0.1-SNAPSHOT @ C:\Users\USUARIO\eclipse-workspace\carlosT\proyectMaven\project_maven\pom.xml.
2022-01-25 11:24:01,427 [Worker-51: Updating Maven Project] INFO  o.e.m.j.i.AbstractJavaProjectConfigurator - Adding source folder /project_maven/src/main/java
2022-01-25 11:24:01,429 [Worker-51: Updating Maven Project] INFO  o.e.m.j.i.AbstractJavaProjectConfigurator - Adding source folder /project_maven/src/test/java
2022-01-25 11:24:02,089 [Worker-51: Updating Maven Project] INFO  o.e.m.w.i.f.ResourceFilteringBuildParticipant - Cleaning filtered folder for project_maven
2022-01-25 11:24:02,101 [Worker-51: Updating Maven Project] INFO  o.e.m.c.i.p.ProjectConfigurationManager - Update completed: 2 sec
2022-01-25 11:24:02,702 [Worker-49: Building] INFO  o.e.m.c.i.embedder.EclipseLogger - Using 'UTF-8' encoding to copy filtered resources.
2022-01-25 11:24:02,704 [Worker-49: Building] INFO  o.e.m.c.i.embedder.EclipseLogger - skip non existing resourceDirectory C:\Users\USUARIO\eclipse-workspace\carlosT\proyectMaven\project_maven\src\main\resources
2022-01-25 11:24:02,708 [Worker-49: Building] INFO  o.e.m.c.i.embedder.EclipseLogger - Using 'UTF-8' encoding to copy filtered resources.
2022-01-25 11:24:02,709 [Worker-49: Building] INFO  o.e.m.c.i.embedder.EclipseLogger - skip non existing resourceDirectory C:\Users\USUARIO\eclipse-workspace\carlosT\proyectMaven\project_maven\src\test\resources
2022-01-25 11:24:02,710 [Worker-49: Building] INFO  o.e.m.w.i.f.ResourceFilteringBuildParticipant - Changed resources require a complete clean of filtered resources of project_maven
2022-01-25 11:24:02,710 [Worker-49: Building] INFO  o.e.m.w.i.f.ResourceFilteringBuildParticipant - Executing resource filtering for project_maven
2022-01-25 11:24:02,718 [Worker-49: Building] INFO  o.e.m.c.i.embedder.EclipseLogger - Using 'UTF-8' encoding to copy filtered resources.
2022-01-25 11:24:53,743 [Worker-53: Updating Maven Project] INFO  o.e.m.c.i.p.ProjectConfigurationManager - Update started
2022-01-25 11:24:54,336 [Worker-53: Updating Maven Project] INFO  o.e.m.c.i.l.LifecycleMappingFactory - Using org.maven.ide.eclipse.wtp.WarLifecycleMapping lifecycle mapping for MavenProject: com.tafur.maven:project_maven:0.0.1-SNAPSHOT @ C:\Users\USUARIO\eclipse-workspace\carlosT\proyectMaven\project_maven\pom.xml.
2022-01-25 11:24:55,449 [Worker-53: Updating Maven Project] INFO  o.e.m.j.i.AbstractJavaProjectConfigurator - Adding source folder /project_maven/src/main/java
2022-01-25 11:24:55,450 [Worker-53: Updating Maven Project] INFO  o.e.m.j.i.AbstractJavaProjectConfigurator - Adding source folder /project_maven/src/test/java
2022-01-25 11:24:55,882 [Worker-53: Updating Maven Project] INFO  o.e.m.w.i.f.ResourceFilteringBuildParticipant - Cleaning filtered folder for project_maven
2022-01-25 11:24:55,901 [Worker-53: Updating Maven Project] INFO  o.e.m.c.i.p.ProjectConfigurationManager - Update completed: 2 sec
2022-01-25 11:24:56,475 [Worker-54: Building] INFO  o.e.m.c.i.embedder.EclipseLogger - Using 'UTF-8' encoding to copy filtered resources.
2022-01-25 11:24:56,476 [Worker-54: Building] INFO  o.e.m.c.i.embedder.EclipseLogger - skip non existing resourceDirectory C:\Users\USUARIO\eclipse-workspace\carlosT\proyectMaven\project_maven\src\main\resources
2022-01-25 11:24:56,481 [Worker-54: Building] INFO  o.e.m.c.i.embedder.EclipseLogger - Using 'UTF-8' encoding to copy filtered resources.
2022-01-25 11:24:56,481 [Worker-54: Building] INFO  o.e.m.c.i.embedder.EclipseLogger - skip non existing resourceDirectory C:\Users\USUARIO\eclipse-workspace\carlosT\proyectMaven\project_maven\src\test\resources
2022-01-25 11:24:56,482 [Worker-54: Building] INFO  o.e.m.w.i.f.ResourceFilteringBuildParticipant - Changed resources require a complete clean of filtered resources of project_maven
2022-01-25 11:24:56,482 [Worker-54: Building] INFO  o.e.m.w.i.f.ResourceFilteringBuildParticipant - Executing resource filtering for project_maven
2022-01-25 11:24:56,490 [Worker-54: Building] INFO  o.e.m.c.i.embedder.EclipseLogger - Using 'UTF-8' encoding to copy filtered resources.
2022-01-25 11:26:44,047 [Worker-53: Updating Maven Project] INFO  o.e.m.c.i.p.ProjectConfigurationManager - Update started
2022-01-25 11:26:44,521 [Worker-53: Updating Maven Project] INFO  o.e.m.c.i.l.LifecycleMappingFactory - Using org.maven.ide.eclipse.wtp.WarLifecycleMapping lifecycle mapping for MavenProject: com.tafur.maven:project_maven:0.0.1-SNAPSHOT @ C:\Users\USUARIO\eclipse-workspace\carlosT\proyectMaven\project_maven\pom.xml.
2022-01-25 11:26:46,338 [Worker-53: Updating Maven Project] INFO  o.e.m.j.i.AbstractJavaProjectConfigurator - Adding source folder /project_maven/src/main/java
2022-01-25 11:26:46,339 [Worker-53: Updating Maven Project] INFO  o.e.m.j.i.AbstractJavaProjectConfigurator - Adding source folder /project_maven/src/test/java
2022-01-25 11:26:46,756 [Worker-53: Updating Maven Project] INFO  o.e.m.w.i.f.ResourceFilteringBuildParticipant - Cleaning filtered folder for project_maven
2022-01-25 11:26:46,767 [Worker-53: Updating Maven Project] INFO  o.e.m.c.i.p.ProjectConfigurationManager - Update completed: 2 sec
2022-01-25 11:26:47,603 [Worker-55: Building] INFO  o.e.m.c.i.embedder.EclipseLogger - Using 'UTF-8' encoding to copy filtered resources.
2022-01-25 11:26:47,606 [Worker-55: Building] INFO  o.e.m.c.i.embedder.EclipseLogger - skip non existing resourceDirectory C:\Users\USUARIO\eclipse-workspace\carlosT\proyectMaven\project_maven\src\main\resources
2022-01-25 11:26:47,611 [Worker-55: Building] INFO  o.e.m.c.i.embedder.EclipseLogger - Using 'UTF-8' encoding to copy filtered resources.
2022-01-25 11:26:47,611 [Worker-55: Building] INFO  o.e.m.c.i.embedder.EclipseLogger - skip non existing resourceDirectory C:\Users\USUARIO\eclipse-workspace\carlosT\proyectMaven\project_maven\src\test\resources
2022-01-25 11:26:47,614 [Worker-55: Building] INFO  o.e.m.w.i.f.ResourceFilteringBuildParticipant - Changed resources require a complete clean of filtered resources of project_maven
2022-01-25 11:26:47,614 [Worker-55: Building] INFO  o.e.m.w.i.f.ResourceFilteringBuildParticipant - Executing resource filtering for project_maven
2022-01-25 11:26:47,625 [Worker-55: Building] INFO  o.e.m.c.i.embedder.EclipseLogger - Using 'UTF-8' encoding to copy filtered resources.
2022-01-25 11:29:09,706 [Worker-54: Building] INFO  o.e.m.c.i.l.LifecycleMappingFactory - Using org.maven.ide.eclipse.wtp.WarLifecycleMapping lifecycle mapping for MavenProject: com.tafur.maven:project_maven:0.0.1-SNAPSHOT @ C:\Users\USUARIO\eclipse-workspace\carlosT\proyectMaven\project_maven\pom.xml.
2022-01-25 11:29:10,783 [Worker-54: Building] INFO  o.e.m.c.i.embedder.EclipseLogger - Using 'UTF-8' encoding to copy filtered resources.
2022-01-25 11:29:10,784 [Worker-54: Building] INFO  o.e.m.c.i.embedder.EclipseLogger - skip non existing resourceDirectory C:\Users\USUARIO\eclipse-workspace\carlosT\proyectMaven\project_maven\src\main\resources
2022-01-25 11:29:10,787 [Worker-54: Building] INFO  o.e.m.c.i.embedder.EclipseLogger - Using 'UTF-8' encoding to copy filtered resources.
2022-01-25 11:29:10,788 [Worker-54: Building] INFO  o.e.m.c.i.embedder.EclipseLogger - skip non existing resourceDirectory C:\Users\USUARIO\eclipse-workspace\carlosT\proyectMaven\project_maven\src\test\resources
2022-01-25 11:29:10,788 [Worker-54: Building] INFO  o.e.m.w.i.f.ResourceFilteringBuildParticipant - Changed resources require a complete clean of filtered resources of project_maven
2022-01-25 11:29:10,789 [Worker-54: Building] INFO  o.e.m.w.i.f.ResourceFilteringBuildParticipant - Executing resource filtering for project_maven
2022-01-25 11:29:10,796 [Worker-54: Building] INFO  o.e.m.c.i.embedder.EclipseLogger - Using 'UTF-8' encoding to copy filtered resources.
2022-01-25 11:29:33,044 [Worker-49: Updating Maven Project] INFO  o.e.m.c.i.p.ProjectConfigurationManager - Update started
2022-01-25 11:29:33,468 [Worker-49: Updating Maven Project] INFO  o.e.m.c.i.l.LifecycleMappingFactory - Using org.maven.ide.eclipse.wtp.WarLifecycleMapping lifecycle mapping for MavenProject: com.tafur.maven:project_maven:0.0.1-SNAPSHOT @ C:\Users\USUARIO\eclipse-workspace\carlosT\proyectMaven\project_maven\pom.xml.
2022-01-25 11:29:34,861 [Worker-49: Updating Maven Project] WARN  o.e.m.j.i.AbstractJavaProjectConfigurator - Could not determine source level, using default 1.5
2022-01-25 11:29:34,864 [Worker-49: Updating Maven Project] WARN  o.e.m.j.i.AbstractJavaProjectConfigurator - Could not determine target level, using default 1.5
2022-01-25 11:29:34,868 [Worker-49: Updating Maven Project] WARN  o.e.m.c.p.c.AbstractLifecycleMapping - Could not update project project_maven configuration
java.lang.NumberFormatException: For input string: "C:\Program Files\Eclipse Adoptium\jdk-11.0.13.8-hotspot"
	at java.base/java.lang.NumberFormatException.forInputString(NumberFormatException.java:65)
	at java.base/java.lang.Integer.parseInt(Integer.java:652)
	at java.base/java.lang.Integer.parseInt(Integer.java:770)
	at org.eclipse.m2e.jdt.internal.AbstractJavaProjectConfigurator.sanitizeJavaVersion(AbstractJavaProjectConfigurator.java:718)
	at org.eclipse.m2e.jdt.internal.AbstractJavaProjectConfigurator.isCompliant(AbstractJavaProjectConfigurator.java:382)
	at org.eclipse.m2e.jdt.internal.AbstractJavaProjectConfigurator.isCompileExecution(AbstractJavaProjectConfigurator.java:371)
	at org.eclipse.m2e.jdt.internal.AbstractJavaProjectConfigurator.addProjectSourceFolders(AbstractJavaProjectConfigurator.java:304)
	at org.eclipse.m2e.jdt.internal.AbstractJavaProjectConfigurator.configure(AbstractJavaProjectConfigurator.java:157)
	at org.eclipse.m2e.core.project.configurator.AbstractLifecycleMapping.configure(AbstractLifecycleMapping.java:124)
	at org.eclipse.m2e.core.internal.project.ProjectConfigurationManager.lambda$2(ProjectConfigurationManager.java:515)
	at org.eclipse.m2e.core.internal.embedder.MavenExecutionContext.executeBare(MavenExecutionContext.java:182)
	at org.eclipse.m2e.core.internal.embedder.MavenExecutionContext.execute(MavenExecutionContext.java:156)
	at org.eclipse.m2e.core.internal.project.ProjectConfigurationManager.updateProjectConfiguration(ProjectConfigurationManager.java:509)
	at org.eclipse.m2e.core.internal.project.ProjectConfigurationManager.updateProjectConfiguration0(ProjectConfigurationManager.java:447)
	at org.eclipse.m2e.core.internal.project.ProjectConfigurationManager.lambda$1(ProjectConfigurationManager.java:362)
	at org.eclipse.m2e.core.internal.embedder.MavenExecutionContext.executeBare(MavenExecutionContext.java:182)
	at org.eclipse.m2e.core.internal.embedder.MavenExecutionContext.execute(MavenExecutionContext.java:156)
	at org.eclipse.m2e.core.internal.embedder.MavenExecutionContext.execute(MavenExecutionContext.java:103)
	at org.eclipse.m2e.core.internal.embedder.MavenImpl.execute(MavenImpl.java:1411)
	at org.eclipse.m2e.core.internal.project.ProjectConfigurationManager.updateProjectConfiguration(ProjectConfigurationManager.java:361)
	at org.eclipse.m2e.core.ui.internal.UpdateMavenProjectJob.runInWorkspace(UpdateMavenProjectJob.java:80)
	at org.eclipse.core.internal.resources.InternalWorkspaceJob.run(InternalWorkspaceJob.java:42)
	at org.eclipse.core.internal.jobs.Worker.run(Worker.java:63)
2022-01-25 11:29:34,873 [Worker-49: Updating Maven Project] INFO  o.e.m.c.i.p.ProjectConfigurationManager - Update completed: 1 sec
2022-01-25 11:29:36,012 [Worker-55: Building] INFO  o.e.m.c.i.embedder.EclipseLogger - Using 'UTF-8' encoding to copy filtered resources.
2022-01-25 11:29:36,013 [Worker-55: Building] INFO  o.e.m.c.i.embedder.EclipseLogger - skip non existing resourceDirectory C:\Users\USUARIO\eclipse-workspace\carlosT\proyectMaven\project_maven\src\main\resources
2022-01-25 11:29:36,019 [Worker-55: Building] INFO  o.e.m.c.i.embedder.EclipseLogger - Using 'UTF-8' encoding to copy filtered resources.
2022-01-25 11:29:36,019 [Worker-55: Building] INFO  o.e.m.c.i.embedder.EclipseLogger - skip non existing resourceDirectory C:\Users\USUARIO\eclipse-workspace\carlosT\proyectMaven\project_maven\src\test\resources
2022-01-25 11:29:36,020 [Worker-55: Building] INFO  o.e.m.w.i.f.ResourceFilteringBuildParticipant - Changed resources require a complete clean of filtered resources of project_maven
2022-01-25 11:29:36,021 [Worker-55: Building] INFO  o.e.m.w.i.f.ResourceFilteringBuildParticipant - Executing resource filtering for project_maven
2022-01-25 11:29:36,041 [Worker-55: Building] INFO  o.e.m.c.i.embedder.EclipseLogger - Using 'UTF-8' encoding to copy filtered resources.
2022-01-25 11:31:14,027 [Worker-57: Updating Maven Project] INFO  o.e.m.c.i.p.ProjectConfigurationManager - Update started
2022-01-25 11:31:14,556 [Worker-57: Updating Maven Project] INFO  o.e.m.c.i.l.LifecycleMappingFactory - Using org.maven.ide.eclipse.wtp.WarLifecycleMapping lifecycle mapping for MavenProject: com.tafur.maven:project_maven:0.0.1-SNAPSHOT @ C:\Users\USUARIO\eclipse-workspace\carlosT\proyectMaven\project_maven\pom.xml.
2022-01-25 11:31:15,481 [Worker-57: Updating Maven Project] WARN  o.e.m.j.i.AbstractJavaProjectConfigurator - Could not determine source level, using default 1.5
2022-01-25 11:31:15,484 [Worker-57: Updating Maven Project] WARN  o.e.m.j.i.AbstractJavaProjectConfigurator - Could not determine target level, using default 1.5
2022-01-25 11:31:15,487 [Worker-57: Updating Maven Project] WARN  o.e.m.c.p.c.AbstractLifecycleMapping - Could not update project project_maven configuration
java.lang.NumberFormatException: For input string: "C:\Program Files\Eclipse Adoptium\jdk-11.0.13.8-hotspot"
	at java.base/java.lang.NumberFormatException.forInputString(NumberFormatException.java:65)
	at java.base/java.lang.Integer.parseInt(Integer.java:652)
	at java.base/java.lang.Integer.parseInt(Integer.java:770)
	at org.eclipse.m2e.jdt.internal.AbstractJavaProjectConfigurator.sanitizeJavaVersion(AbstractJavaProjectConfigurator.java:718)
	at org.eclipse.m2e.jdt.internal.AbstractJavaProjectConfigurator.isCompliant(AbstractJavaProjectConfigurator.java:382)
	at org.eclipse.m2e.jdt.internal.AbstractJavaProjectConfigurator.isCompileExecution(AbstractJavaProjectConfigurator.java:371)
	at org.eclipse.m2e.jdt.internal.AbstractJavaProjectConfigurator.addProjectSourceFolders(AbstractJavaProjectConfigurator.java:304)
	at org.eclipse.m2e.jdt.internal.AbstractJavaProjectConfigurator.configure(AbstractJavaProjectConfigurator.java:157)
	at org.eclipse.m2e.core.project.configurator.AbstractLifecycleMapping.configure(AbstractLifecycleMapping.java:124)
	at org.eclipse.m2e.core.internal.project.ProjectConfigurationManager.lambda$2(ProjectConfigurationManager.java:515)
	at org.eclipse.m2e.core.internal.embedder.MavenExecutionContext.executeBare(MavenExecutionContext.java:182)
	at org.eclipse.m2e.core.internal.embedder.MavenExecutionContext.execute(MavenExecutionContext.java:156)
	at org.eclipse.m2e.core.internal.project.ProjectConfigurationManager.updateProjectConfiguration(ProjectConfigurationManager.java:509)
	at org.eclipse.m2e.core.internal.project.ProjectConfigurationManager.updateProjectConfiguration0(ProjectConfigurationManager.java:447)
	at org.eclipse.m2e.core.internal.project.ProjectConfigurationManager.lambda$1(ProjectConfigurationManager.java:362)
	at org.eclipse.m2e.core.internal.embedder.MavenExecutionContext.executeBare(MavenExecutionContext.java:182)
	at org.eclipse.m2e.core.internal.embedder.MavenExecutionContext.execute(MavenExecutionContext.java:156)
	at org.eclipse.m2e.core.internal.embedder.MavenExecutionContext.execute(MavenExecutionContext.java:103)
	at org.eclipse.m2e.core.internal.embedder.MavenImpl.execute(MavenImpl.java:1411)
	at org.eclipse.m2e.core.internal.project.ProjectConfigurationManager.updateProjectConfiguration(ProjectConfigurationManager.java:361)
	at org.eclipse.m2e.core.ui.internal.UpdateMavenProjectJob.runInWorkspace(UpdateMavenProjectJob.java:80)
	at org.eclipse.core.internal.resources.InternalWorkspaceJob.run(InternalWorkspaceJob.java:42)
	at org.eclipse.core.internal.jobs.Worker.run(Worker.java:63)
2022-01-25 11:31:15,489 [Worker-57: Updating Maven Project] INFO  o.e.m.c.i.p.ProjectConfigurationManager - Update completed: 1 sec
2022-01-25 11:31:16,160 [Worker-50: Building] INFO  o.e.m.c.i.embedder.EclipseLogger - Using 'UTF-8' encoding to copy filtered resources.
2022-01-25 11:31:16,161 [Worker-50: Building] INFO  o.e.m.c.i.embedder.EclipseLogger - skip non existing resourceDirectory C:\Users\USUARIO\eclipse-workspace\carlosT\proyectMaven\project_maven\src\main\resources
2022-01-25 11:31:16,164 [Worker-50: Building] INFO  o.e.m.c.i.embedder.EclipseLogger - Using 'UTF-8' encoding to copy filtered resources.
2022-01-25 11:31:16,165 [Worker-50: Building] INFO  o.e.m.c.i.embedder.EclipseLogger - skip non existing resourceDirectory C:\Users\USUARIO\eclipse-workspace\carlosT\proyectMaven\project_maven\src\test\resources
2022-01-25 11:31:16,165 [Worker-50: Building] INFO  o.e.m.w.i.f.ResourceFilteringBuildParticipant - Changed resources require a complete clean of filtered resources of project_maven
2022-01-25 11:31:16,165 [Worker-50: Building] INFO  o.e.m.w.i.f.ResourceFilteringBuildParticipant - Executing resource filtering for project_maven
2022-01-25 11:31:16,173 [Worker-50: Building] INFO  o.e.m.c.i.embedder.EclipseLogger - Using 'UTF-8' encoding to copy filtered resources.
2022-01-25 11:32:55,247 [Worker-49: Building] INFO  o.e.m.c.i.l.LifecycleMappingFactory - Using org.maven.ide.eclipse.wtp.WarLifecycleMapping lifecycle mapping for MavenProject: com.tafur.maven:project_maven:0.0.1-SNAPSHOT @ C:\Users\USUARIO\eclipse-workspace\carlosT\proyectMaven\project_maven\pom.xml.
2022-01-25 11:32:56,000 [Worker-49: Building] INFO  o.e.m.c.i.embedder.EclipseLogger - Using 'UTF-8' encoding to copy filtered resources.
2022-01-25 11:32:56,001 [Worker-49: Building] INFO  o.e.m.c.i.embedder.EclipseLogger - skip non existing resourceDirectory C:\Users\USUARIO\eclipse-workspace\carlosT\proyectMaven\project_maven\src\main\resources
2022-01-25 11:32:56,004 [Worker-49: Building] INFO  o.e.m.c.i.embedder.EclipseLogger - Using 'UTF-8' encoding to copy filtered resources.
2022-01-25 11:32:56,005 [Worker-49: Building] INFO  o.e.m.c.i.embedder.EclipseLogger - skip non existing resourceDirectory C:\Users\USUARIO\eclipse-workspace\carlosT\proyectMaven\project_maven\src\test\resources
2022-01-25 11:32:56,005 [Worker-49: Building] INFO  o.e.m.w.i.f.ResourceFilteringBuildParticipant - Changed resources require a complete clean of filtered resources of project_maven
2022-01-25 11:32:56,005 [Worker-49: Building] INFO  o.e.m.w.i.f.ResourceFilteringBuildParticipant - Executing resource filtering for project_maven
2022-01-25 11:32:56,011 [Worker-49: Building] INFO  o.e.m.c.i.embedder.EclipseLogger - Using 'UTF-8' encoding to copy filtered resources.
2022-01-25 11:33:09,917 [Worker-48: Updating Maven Project] INFO  o.e.m.c.i.p.ProjectConfigurationManager - Update started
2022-01-25 11:33:10,228 [Worker-48: Updating Maven Project] INFO  o.e.m.c.i.l.LifecycleMappingFactory - Using org.maven.ide.eclipse.wtp.WarLifecycleMapping lifecycle mapping for MavenProject: com.tafur.maven:project_maven:0.0.1-SNAPSHOT @ C:\Users\USUARIO\eclipse-workspace\carlosT\proyectMaven\project_maven\pom.xml.
2022-01-25 11:33:11,037 [Worker-48: Updating Maven Project] INFO  o.e.m.j.i.AbstractJavaProjectConfigurator - Adding source folder /project_maven/src/main/java
2022-01-25 11:33:11,038 [Worker-48: Updating Maven Project] INFO  o.e.m.j.i.AbstractJavaProjectConfigurator - Adding source folder /project_maven/src/test/java
2022-01-25 11:33:11,638 [Worker-48: Updating Maven Project] INFO  o.e.m.w.i.f.ResourceFilteringBuildParticipant - Cleaning filtered folder for project_maven
2022-01-25 11:33:11,650 [Worker-48: Updating Maven Project] INFO  o.e.m.c.i.p.ProjectConfigurationManager - Update completed: 1 sec
2022-01-25 11:33:12,111 [Worker-49: Building Project project_maven] INFO  o.e.m.c.i.embedder.EclipseLogger - Using 'UTF-8' encoding to copy filtered resources.
2022-01-25 11:33:12,111 [Worker-49: Building Project project_maven] INFO  o.e.m.c.i.embedder.EclipseLogger - skip non existing resourceDirectory C:\Users\USUARIO\eclipse-workspace\carlosT\proyectMaven\project_maven\src\main\resources
2022-01-25 11:33:12,115 [Worker-49: Building Project project_maven] INFO  o.e.m.c.i.embedder.EclipseLogger - Using 'UTF-8' encoding to copy filtered resources.
2022-01-25 11:33:12,116 [Worker-49: Building Project project_maven] INFO  o.e.m.c.i.embedder.EclipseLogger - skip non existing resourceDirectory C:\Users\USUARIO\eclipse-workspace\carlosT\proyectMaven\project_maven\src\test\resources
2022-01-25 11:33:12,117 [Worker-49: Building Project project_maven] INFO  o.e.m.w.i.f.ResourceFilteringBuildParticipant - Changed resources require a complete clean of filtered resources of project_maven
2022-01-25 11:33:12,117 [Worker-49: Building Project project_maven] INFO  o.e.m.w.i.f.ResourceFilteringBuildParticipant - Executing resource filtering for project_maven
2022-01-25 11:33:12,125 [Worker-49: Building Project project_maven] INFO  o.e.m.c.i.embedder.EclipseLogger - Using 'UTF-8' encoding to copy filtered resources.
2022-01-25 11:46:24,215 [Worker-58: Updating Maven Project] INFO  o.e.m.c.i.p.ProjectConfigurationManager - Update started
2022-01-25 11:46:24,680 [Worker-58: Updating Maven Project] INFO  o.e.m.c.i.l.LifecycleMappingFactory - Using org.maven.ide.eclipse.wtp.WarLifecycleMapping lifecycle mapping for MavenProject: com.tafur.maven:project_maven:0.0.1-SNAPSHOT @ C:\Users\USUARIO\eclipse-workspace\carlosT\proyectMaven\project_maven\pom.xml.
2022-01-25 11:46:25,396 [Worker-58: Updating Maven Project] INFO  o.e.m.j.i.AbstractJavaProjectConfigurator - Adding source folder /project_maven/src/main/java
2022-01-25 11:46:25,397 [Worker-58: Updating Maven Project] INFO  o.e.m.j.i.AbstractJavaProjectConfigurator - Adding source folder /project_maven/src/test/java
2022-01-25 11:46:25,901 [Worker-58: Updating Maven Project] INFO  o.e.m.w.i.f.ResourceFilteringBuildParticipant - Cleaning filtered folder for project_maven
2022-01-25 11:46:25,914 [Worker-58: Updating Maven Project] INFO  o.e.m.c.i.p.ProjectConfigurationManager - Update completed: 1 sec
2022-01-25 11:46:26,501 [Worker-57: Building] INFO  o.e.m.c.i.embedder.EclipseLogger - Using 'UTF-8' encoding to copy filtered resources.
2022-01-25 11:46:26,501 [Worker-57: Building] INFO  o.e.m.c.i.embedder.EclipseLogger - skip non existing resourceDirectory C:\Users\USUARIO\eclipse-workspace\carlosT\proyectMaven\project_maven\src\main\resources
2022-01-25 11:46:26,506 [Worker-57: Building] INFO  o.e.m.c.i.embedder.EclipseLogger - Using 'UTF-8' encoding to copy filtered resources.
2022-01-25 11:46:26,507 [Worker-57: Building] INFO  o.e.m.c.i.embedder.EclipseLogger - skip non existing resourceDirectory C:\Users\USUARIO\eclipse-workspace\carlosT\proyectMaven\project_maven\src\test\resources
2022-01-25 11:46:26,507 [Worker-57: Building] INFO  o.e.m.w.i.f.ResourceFilteringBuildParticipant - Changed resources require a complete clean of filtered resources of project_maven
2022-01-25 11:46:26,508 [Worker-57: Building] INFO  o.e.m.w.i.f.ResourceFilteringBuildParticipant - Executing resource filtering for project_maven
2022-01-25 11:46:26,515 [Worker-57: Building] INFO  o.e.m.c.i.embedder.EclipseLogger - Using 'UTF-8' encoding to copy filtered resources.
2022-01-25 11:55:02,231 [Worker-57: Updating Maven Project] INFO  o.e.m.c.i.p.ProjectConfigurationManager - Update started
2022-01-25 11:55:02,785 [Worker-57: Updating Maven Project] INFO  o.e.m.c.i.l.LifecycleMappingFactory - Using org.maven.ide.eclipse.wtp.WarLifecycleMapping lifecycle mapping for MavenProject: com.tafur.maven:project_maven:0.0.1-SNAPSHOT @ C:\Users\USUARIO\eclipse-workspace\carlosT\proyectMaven\project_maven\pom.xml.
2022-01-25 11:55:03,715 [Worker-57: Updating Maven Project] INFO  o.e.m.j.i.AbstractJavaProjectConfigurator - Adding source folder /project_maven/src/main/java
2022-01-25 11:55:03,716 [Worker-57: Updating Maven Project] INFO  o.e.m.j.i.AbstractJavaProjectConfigurator - Adding source folder /project_maven/src/test/java
2022-01-25 11:55:04,201 [Worker-57: Updating Maven Project] INFO  o.e.m.w.i.f.ResourceFilteringBuildParticipant - Cleaning filtered folder for project_maven
2022-01-25 11:55:04,212 [Worker-57: Updating Maven Project] INFO  o.e.m.c.i.p.ProjectConfigurationManager - Update completed: 1 sec
2022-01-25 11:55:04,767 [Worker-54: Building] INFO  o.e.m.c.i.embedder.EclipseLogger - Using 'UTF-8' encoding to copy filtered resources.
2022-01-25 11:55:04,768 [Worker-54: Building] INFO  o.e.m.c.i.embedder.EclipseLogger - skip non existing resourceDirectory C:\Users\USUARIO\eclipse-workspace\carlosT\proyectMaven\project_maven\src\main\resources
2022-01-25 11:55:04,774 [Worker-54: Building] INFO  o.e.m.c.i.embedder.EclipseLogger - Using 'UTF-8' encoding to copy filtered resources.
2022-01-25 11:55:04,775 [Worker-54: Building] INFO  o.e.m.c.i.embedder.EclipseLogger - skip non existing resourceDirectory C:\Users\USUARIO\eclipse-workspace\carlosT\proyectMaven\project_maven\src\test\resources
2022-01-25 11:55:04,776 [Worker-54: Building] INFO  o.e.m.w.i.f.ResourceFilteringBuildParticipant - Changed resources require a complete clean of filtered resources of project_maven
2022-01-25 11:55:04,777 [Worker-54: Building] INFO  o.e.m.w.i.f.ResourceFilteringBuildParticipant - Executing resource filtering for project_maven
2022-01-25 11:55:04,786 [Worker-54: Building] INFO  o.e.m.c.i.embedder.EclipseLogger - Using 'UTF-8' encoding to copy filtered resources.
2022-01-25 11:55:45,647 [Worker-60: Updating Maven Project] INFO  o.e.m.c.i.p.ProjectConfigurationManager - Update started
2022-01-25 11:55:46,024 [Worker-60: Updating Maven Project] INFO  o.e.m.c.i.l.LifecycleMappingFactory - Using org.maven.ide.eclipse.wtp.WarLifecycleMapping lifecycle mapping for MavenProject: com.tafur.maven:project_maven:0.0.1-SNAPSHOT @ C:\Users\USUARIO\eclipse-workspace\carlosT\proyectMaven\project_maven\pom.xml.
2022-01-25 11:55:46,895 [Worker-60: Updating Maven Project] INFO  o.e.m.j.i.AbstractJavaProjectConfigurator - Adding source folder /project_maven/src/main/java
2022-01-25 11:55:46,896 [Worker-60: Updating Maven Project] INFO  o.e.m.j.i.AbstractJavaProjectConfigurator - Adding source folder /project_maven/src/test/java
2022-01-25 11:55:49,389 [Worker-60: Updating Maven Project] INFO  o.e.m.w.i.f.ResourceFilteringBuildParticipant - Cleaning filtered folder for project_maven
2022-01-25 11:55:49,398 [Worker-60: Updating Maven Project] INFO  o.e.m.c.i.p.ProjectConfigurationManager - Update completed: 3 sec
2022-01-25 11:55:49,856 [Worker-57: Building] INFO  o.e.m.c.i.embedder.EclipseLogger - Using 'UTF-8' encoding to copy filtered resources.
2022-01-25 11:55:49,856 [Worker-57: Building] INFO  o.e.m.c.i.embedder.EclipseLogger - skip non existing resourceDirectory C:\Users\USUARIO\eclipse-workspace\carlosT\proyectMaven\project_maven\src\main\resources
2022-01-25 11:55:49,861 [Worker-57: Building] INFO  o.e.m.c.i.embedder.EclipseLogger - Using 'UTF-8' encoding to copy filtered resources.
2022-01-25 11:55:49,862 [Worker-57: Building] INFO  o.e.m.c.i.embedder.EclipseLogger - skip non existing resourceDirectory C:\Users\USUARIO\eclipse-workspace\carlosT\proyectMaven\project_maven\src\test\resources
2022-01-25 11:55:49,862 [Worker-57: Building] INFO  o.e.m.w.i.f.ResourceFilteringBuildParticipant - Changed resources require a complete clean of filtered resources of project_maven
2022-01-25 11:55:49,863 [Worker-57: Building] INFO  o.e.m.w.i.f.ResourceFilteringBuildParticipant - Executing resource filtering for project_maven
2022-01-25 11:55:49,869 [Worker-57: Building] INFO  o.e.m.c.i.embedder.EclipseLogger - Using 'UTF-8' encoding to copy filtered resources.
2022-01-25 11:57:05,717 [Worker-63: Building] INFO  o.e.m.c.i.l.LifecycleMappingFactory - Using org.maven.ide.eclipse.wtp.WarLifecycleMapping lifecycle mapping for MavenProject: com.tafur.maven:project_maven:0.0.1-SNAPSHOT @ C:\Users\USUARIO\eclipse-workspace\carlosT\proyectMaven\project_maven\pom.xml.
2022-01-25 11:57:06,605 [Worker-63: Building] INFO  o.e.m.c.i.embedder.EclipseLogger - Using 'UTF-8' encoding to copy filtered resources.
2022-01-25 11:57:06,606 [Worker-63: Building] INFO  o.e.m.c.i.embedder.EclipseLogger - skip non existing resourceDirectory C:\Users\USUARIO\eclipse-workspace\carlosT\proyectMaven\project_maven\src\main\resources
2022-01-25 11:57:06,609 [Worker-63: Building] INFO  o.e.m.c.i.embedder.EclipseLogger - Using 'UTF-8' encoding to copy filtered resources.
2022-01-25 11:57:06,610 [Worker-63: Building] INFO  o.e.m.c.i.embedder.EclipseLogger - skip non existing resourceDirectory C:\Users\USUARIO\eclipse-workspace\carlosT\proyectMaven\project_maven\src\test\resources
2022-01-25 11:57:06,610 [Worker-63: Building] INFO  o.e.m.w.i.f.ResourceFilteringBuildParticipant - Changed resources require a complete clean of filtered resources of project_maven
2022-01-25 11:57:06,610 [Worker-63: Building] INFO  o.e.m.w.i.f.ResourceFilteringBuildParticipant - Executing resource filtering for project_maven
2022-01-25 11:57:06,617 [Worker-63: Building] INFO  o.e.m.c.i.embedder.EclipseLogger - Using 'UTF-8' encoding to copy filtered resources.
2022-01-25 11:57:16,122 [Worker-61: Updating Maven Project] INFO  o.e.m.c.i.p.ProjectConfigurationManager - Update started
2022-01-25 11:57:16,465 [Worker-61: Updating Maven Project] INFO  o.e.m.c.i.l.LifecycleMappingFactory - Using org.maven.ide.eclipse.wtp.WarLifecycleMapping lifecycle mapping for MavenProject: com.tafur.maven:project_maven:0.0.1-SNAPSHOT @ C:\Users\USUARIO\eclipse-workspace\carlosT\proyectMaven\project_maven\pom.xml.
2022-01-25 11:57:17,206 [Worker-61: Updating Maven Project] INFO  o.e.m.j.i.AbstractJavaProjectConfigurator - Adding source folder /project_maven/src/main/java
2022-01-25 11:57:17,206 [Worker-61: Updating Maven Project] INFO  o.e.m.j.i.AbstractJavaProjectConfigurator - Adding source folder /project_maven/src/test/java
2022-01-25 11:57:17,712 [Worker-61: Updating Maven Project] INFO  o.e.m.w.i.f.ResourceFilteringBuildParticipant - Cleaning filtered folder for project_maven
2022-01-25 11:57:17,724 [Worker-61: Updating Maven Project] INFO  o.e.m.c.i.p.ProjectConfigurationManager - Update completed: 1 sec
2022-01-25 11:57:18,554 [Worker-63: Building Project project_maven] INFO  o.e.m.c.i.embedder.EclipseLogger - Using 'UTF-8' encoding to copy filtered resources.
2022-01-25 11:57:18,555 [Worker-63: Building Project project_maven] INFO  o.e.m.c.i.embedder.EclipseLogger - skip non existing resourceDirectory C:\Users\USUARIO\eclipse-workspace\carlosT\proyectMaven\project_maven\src\main\resources
2022-01-25 11:57:18,558 [Worker-63: Building Project project_maven] INFO  o.e.m.c.i.embedder.EclipseLogger - Using 'UTF-8' encoding to copy filtered resources.
2022-01-25 11:57:18,558 [Worker-63: Building Project project_maven] INFO  o.e.m.c.i.embedder.EclipseLogger - skip non existing resourceDirectory C:\Users\USUARIO\eclipse-workspace\carlosT\proyectMaven\project_maven\src\test\resources
2022-01-25 11:57:18,559 [Worker-63: Building Project project_maven] INFO  o.e.m.w.i.f.ResourceFilteringBuildParticipant - Changed resources require a complete clean of filtered resources of project_maven
2022-01-25 11:57:18,559 [Worker-63: Building Project project_maven] INFO  o.e.m.w.i.f.ResourceFilteringBuildParticipant - Executing resource filtering for project_maven
2022-01-25 11:57:18,565 [Worker-63: Building Project project_maven] INFO  o.e.m.c.i.embedder.EclipseLogger - Using 'UTF-8' encoding to copy filtered resources.
2022-01-25 11:59:30,674 [main] INFO  o.e.m.c.i.l.LifecycleMappingFactory - Using org.maven.ide.eclipse.wtp.WarLifecycleMapping lifecycle mapping for MavenProject: com.tafur.maven:project_maven:0.0.1-SNAPSHOT @ C:\Users\USUARIO\eclipse-workspace\carlosT\proyectMaven\project_maven\pom.xml.
2022-01-25 12:01:24,850 [Worker-54: Updating Maven Project] INFO  o.e.m.c.i.p.ProjectConfigurationManager - Update started
2022-01-25 12:01:25,126 [Worker-54: Updating Maven Project] INFO  o.e.m.c.i.l.LifecycleMappingFactory - Using org.maven.ide.eclipse.wtp.WarLifecycleMapping lifecycle mapping for MavenProject: com.tafur.maven:project_maven:0.0.1-SNAPSHOT @ C:\Users\USUARIO\eclipse-workspace\carlosT\proyectMaven\project_maven\pom.xml.
2022-01-25 12:01:25,853 [Worker-54: Updating Maven Project] INFO  o.e.m.j.i.AbstractJavaProjectConfigurator - Adding source folder /project_maven/src/main/java
2022-01-25 12:01:25,854 [Worker-54: Updating Maven Project] INFO  o.e.m.j.i.AbstractJavaProjectConfigurator - Adding source folder /project_maven/src/test/java
2022-01-25 12:01:26,340 [Worker-54: Updating Maven Project] INFO  o.e.m.w.i.f.ResourceFilteringBuildParticipant - Cleaning filtered folder for project_maven
2022-01-25 12:01:26,354 [Worker-54: Updating Maven Project] INFO  o.e.m.c.i.p.ProjectConfigurationManager - Update completed: 1 sec
2022-01-25 12:01:26,848 [Worker-57: Building] INFO  o.e.m.c.i.embedder.EclipseLogger - Using 'UTF-8' encoding to copy filtered resources.
2022-01-25 12:01:26,849 [Worker-57: Building] INFO  o.e.m.c.i.embedder.EclipseLogger - skip non existing resourceDirectory C:\Users\USUARIO\eclipse-workspace\carlosT\proyectMaven\project_maven\src\main\resources
2022-01-25 12:01:26,854 [Worker-57: Building] INFO  o.e.m.c.i.embedder.EclipseLogger - Using 'UTF-8' encoding to copy filtered resources.
2022-01-25 12:01:26,854 [Worker-57: Building] INFO  o.e.m.c.i.embedder.EclipseLogger - skip non existing resourceDirectory C:\Users\USUARIO\eclipse-workspace\carlosT\proyectMaven\project_maven\src\test\resources
2022-01-25 12:01:26,855 [Worker-57: Building] INFO  o.e.m.w.i.f.ResourceFilteringBuildParticipant - Changed resources require a complete clean of filtered resources of project_maven
2022-01-25 12:01:26,855 [Worker-57: Building] INFO  o.e.m.w.i.f.ResourceFilteringBuildParticipant - Executing resource filtering for project_maven
2022-01-25 12:01:26,862 [Worker-57: Building] INFO  o.e.m.c.i.embedder.EclipseLogger - Using 'UTF-8' encoding to copy filtered resources.
2022-01-25 12:01:39,193 [Worker-66: Updating Maven Project] INFO  o.e.m.c.i.p.ProjectConfigurationManager - Update started
2022-01-25 12:01:39,532 [Worker-66: Updating Maven Project] INFO  o.e.m.c.i.l.LifecycleMappingFactory - Using org.maven.ide.eclipse.wtp.WarLifecycleMapping lifecycle mapping for MavenProject: com.tafur.maven:project_maven:0.0.1-SNAPSHOT @ C:\Users\USUARIO\eclipse-workspace\carlosT\proyectMaven\project_maven\pom.xml.
2022-01-25 12:01:40,209 [Worker-66: Updating Maven Project] INFO  o.e.m.j.i.AbstractJavaProjectConfigurator - Adding source folder /project_maven/src/main/java
2022-01-25 12:01:40,210 [Worker-66: Updating Maven Project] INFO  o.e.m.j.i.AbstractJavaProjectConfigurator - Adding source folder /project_maven/src/test/java
2022-01-25 12:01:40,658 [Worker-66: Updating Maven Project] INFO  o.e.m.w.i.f.ResourceFilteringBuildParticipant - Cleaning filtered folder for project_maven
2022-01-25 12:01:40,668 [Worker-66: Updating Maven Project] INFO  o.e.m.c.i.p.ProjectConfigurationManager - Update completed: 1 sec
2022-01-25 12:01:41,318 [Worker-63: Building] INFO  o.e.m.c.i.embedder.EclipseLogger - Using 'UTF-8' encoding to copy filtered resources.
2022-01-25 12:01:41,319 [Worker-63: Building] INFO  o.e.m.c.i.embedder.EclipseLogger - skip non existing resourceDirectory C:\Users\USUARIO\eclipse-workspace\carlosT\proyectMaven\project_maven\src\main\resources
2022-01-25 12:01:41,322 [Worker-63: Building] INFO  o.e.m.c.i.embedder.EclipseLogger - Using 'UTF-8' encoding to copy filtered resources.
2022-01-25 12:01:41,323 [Worker-63: Building] INFO  o.e.m.c.i.embedder.EclipseLogger - skip non existing resourceDirectory C:\Users\USUARIO\eclipse-workspace\carlosT\proyectMaven\project_maven\src\test\resources
2022-01-25 12:01:41,324 [Worker-63: Building] INFO  o.e.m.w.i.f.ResourceFilteringBuildParticipant - Changed resources require a complete clean of filtered resources of project_maven
2022-01-25 12:01:41,324 [Worker-63: Building] INFO  o.e.m.w.i.f.ResourceFilteringBuildParticipant - Executing resource filtering for project_maven
2022-01-25 12:01:41,331 [Worker-63: Building] INFO  o.e.m.c.i.embedder.EclipseLogger - Using 'UTF-8' encoding to copy filtered resources.
2022-01-25 12:02:39,615 [Worker-58: Building] INFO  o.e.m.c.i.l.LifecycleMappingFactory - Using org.maven.ide.eclipse.wtp.WarLifecycleMapping lifecycle mapping for MavenProject: com.tafur.maven:project_maven:0.0.1-SNAPSHOT @ C:\Users\USUARIO\eclipse-workspace\carlosT\proyectMaven\project_maven\pom.xml.
2022-01-25 12:02:40,308 [Worker-58: Building] INFO  o.e.m.c.i.embedder.EclipseLogger - Using 'UTF-8' encoding to copy filtered resources.
2022-01-25 12:02:40,309 [Worker-58: Building] INFO  o.e.m.c.i.embedder.EclipseLogger - skip non existing resourceDirectory C:\Users\USUARIO\eclipse-workspace\carlosT\proyectMaven\project_maven\src\main\resources
2022-01-25 12:02:40,312 [Worker-58: Building] INFO  o.e.m.c.i.embedder.EclipseLogger - Using 'UTF-8' encoding to copy filtered resources.
2022-01-25 12:02:40,313 [Worker-58: Building] INFO  o.e.m.c.i.embedder.EclipseLogger - skip non existing resourceDirectory C:\Users\USUARIO\eclipse-workspace\carlosT\proyectMaven\project_maven\src\test\resources
2022-01-25 12:02:40,313 [Worker-58: Building] INFO  o.e.m.w.i.f.ResourceFilteringBuildParticipant - Changed resources require a complete clean of filtered resources of project_maven
2022-01-25 12:02:40,313 [Worker-58: Building] INFO  o.e.m.w.i.f.ResourceFilteringBuildParticipant - Executing resource filtering for project_maven
2022-01-25 12:02:40,320 [Worker-58: Building] INFO  o.e.m.c.i.embedder.EclipseLogger - Using 'UTF-8' encoding to copy filtered resources.
2022-01-25 12:02:46,458 [Worker-64: Updating Maven Project] INFO  o.e.m.c.i.p.ProjectConfigurationManager - Update started
2022-01-25 12:02:46,789 [Worker-64: Updating Maven Project] INFO  o.e.m.c.i.l.LifecycleMappingFactory - Using org.maven.ide.eclipse.wtp.WarLifecycleMapping lifecycle mapping for MavenProject: com.tafur.maven:project_maven:0.0.1-SNAPSHOT @ C:\Users\USUARIO\eclipse-workspace\carlosT\proyectMaven\project_maven\pom.xml.
2022-01-25 12:02:47,557 [Worker-64: Updating Maven Project] INFO  o.e.m.j.i.AbstractJavaProjectConfigurator - Adding source folder /project_maven/src/main/java
2022-01-25 12:02:47,557 [Worker-64: Updating Maven Project] INFO  o.e.m.j.i.AbstractJavaProjectConfigurator - Adding source folder /project_maven/src/test/java
2022-01-25 12:02:47,927 [Worker-64: Updating Maven Project] INFO  o.e.m.w.i.f.ResourceFilteringBuildParticipant - Cleaning filtered folder for project_maven
2022-01-25 12:02:47,936 [Worker-64: Updating Maven Project] INFO  o.e.m.c.i.p.ProjectConfigurationManager - Update completed: 1 sec
2022-01-25 12:02:48,421 [Worker-58: Building] INFO  o.e.m.c.i.embedder.EclipseLogger - Using 'UTF-8' encoding to copy filtered resources.
2022-01-25 12:02:48,422 [Worker-58: Building] INFO  o.e.m.c.i.embedder.EclipseLogger - skip non existing resourceDirectory C:\Users\USUARIO\eclipse-workspace\carlosT\proyectMaven\project_maven\src\main\resources
2022-01-25 12:02:48,425 [Worker-58: Building] INFO  o.e.m.c.i.embedder.EclipseLogger - Using 'UTF-8' encoding to copy filtered resources.
2022-01-25 12:02:48,426 [Worker-58: Building] INFO  o.e.m.c.i.embedder.EclipseLogger - skip non existing resourceDirectory C:\Users\USUARIO\eclipse-workspace\carlosT\proyectMaven\project_maven\src\test\resources
2022-01-25 12:02:48,427 [Worker-58: Building] INFO  o.e.m.w.i.f.ResourceFilteringBuildParticipant - Changed resources require a complete clean of filtered resources of project_maven
2022-01-25 12:02:48,427 [Worker-58: Building] INFO  o.e.m.w.i.f.ResourceFilteringBuildParticipant - Executing resource filtering for project_maven
2022-01-25 12:02:48,434 [Worker-58: Building] INFO  o.e.m.c.i.embedder.EclipseLogger - Using 'UTF-8' encoding to copy filtered resources.
2022-01-25 12:03:41,856 [Worker-67: Building] INFO  o.e.m.c.i.embedder.EclipseLogger - Using 'UTF-8' encoding to copy filtered resources.
2022-01-25 12:03:41,857 [Worker-67: Building] INFO  o.e.m.c.i.embedder.EclipseLogger - skip non existing resourceDirectory C:\Users\USUARIO\eclipse-workspace\carlosT\proyectMaven\project_maven\src\main\resources
2022-01-25 12:03:41,859 [Worker-67: Building] INFO  o.e.m.c.i.embedder.EclipseLogger - Using 'UTF-8' encoding to copy filtered resources.
2022-01-25 12:03:41,860 [Worker-67: Building] INFO  o.e.m.c.i.embedder.EclipseLogger - skip non existing resourceDirectory C:\Users\USUARIO\eclipse-workspace\carlosT\proyectMaven\project_maven\src\test\resources
2022-01-25 12:03:53,162 [Worker-58: Updating Maven Project] INFO  o.e.m.c.i.p.ProjectConfigurationManager - Update started
2022-01-25 12:03:53,416 [Worker-58: Updating Maven Project] INFO  o.e.m.c.i.l.LifecycleMappingFactory - Using org.maven.ide.eclipse.wtp.WarLifecycleMapping lifecycle mapping for MavenProject: com.tafur.maven:project_maven:0.0.1-SNAPSHOT @ C:\Users\USUARIO\eclipse-workspace\carlosT\proyectMaven\project_maven\pom.xml.
2022-01-25 12:03:54,064 [Worker-58: Updating Maven Project] INFO  o.e.m.j.i.AbstractJavaProjectConfigurator - Adding source folder /project_maven/src/main/java
2022-01-25 12:03:54,078 [Worker-58: Updating Maven Project] INFO  o.e.m.j.i.AbstractJavaProjectConfigurator - Adding source folder /project_maven/src/test/java
2022-01-25 12:03:54,430 [Worker-58: Updating Maven Project] INFO  o.e.m.w.i.f.ResourceFilteringBuildParticipant - Cleaning filtered folder for project_maven
2022-01-25 12:03:54,447 [Worker-58: Updating Maven Project] INFO  o.e.m.c.i.p.ProjectConfigurationManager - Update completed: 1 sec
2022-01-25 12:03:55,057 [Worker-67: Building] INFO  o.e.m.c.i.embedder.EclipseLogger - Using 'UTF-8' encoding to copy filtered resources.
2022-01-25 12:03:55,058 [Worker-67: Building] INFO  o.e.m.c.i.embedder.EclipseLogger - skip non existing resourceDirectory C:\Users\USUARIO\eclipse-workspace\carlosT\proyectMaven\project_maven\src\main\resources
2022-01-25 12:03:55,063 [Worker-67: Building] INFO  o.e.m.c.i.embedder.EclipseLogger - Using 'UTF-8' encoding to copy filtered resources.
2022-01-25 12:03:55,064 [Worker-67: Building] INFO  o.e.m.c.i.embedder.EclipseLogger - skip non existing resourceDirectory C:\Users\USUARIO\eclipse-workspace\carlosT\proyectMaven\project_maven\src\test\resources
2022-01-25 12:03:55,064 [Worker-67: Building] INFO  o.e.m.w.i.f.ResourceFilteringBuildParticipant - Changed resources require a complete clean of filtered resources of project_maven
2022-01-25 12:03:55,065 [Worker-67: Building] INFO  o.e.m.w.i.f.ResourceFilteringBuildParticipant - Executing resource filtering for project_maven
2022-01-25 12:03:55,072 [Worker-67: Building] INFO  o.e.m.c.i.embedder.EclipseLogger - Using 'UTF-8' encoding to copy filtered resources.
2022-01-25 12:04:11,835 [Worker-66: Building] INFO  o.e.m.c.i.embedder.EclipseLogger - Using 'UTF-8' encoding to copy filtered resources.
2022-01-25 12:04:11,836 [Worker-66: Building] INFO  o.e.m.c.i.embedder.EclipseLogger - skip non existing resourceDirectory C:\Users\USUARIO\eclipse-workspace\carlosT\proyectMaven\project_maven\src\main\resources
2022-01-25 12:04:11,839 [Worker-66: Building] INFO  o.e.m.c.i.embedder.EclipseLogger - Using 'UTF-8' encoding to copy filtered resources.
2022-01-25 12:04:11,840 [Worker-66: Building] INFO  o.e.m.c.i.embedder.EclipseLogger - skip non existing resourceDirectory C:\Users\USUARIO\eclipse-workspace\carlosT\proyectMaven\project_maven\src\test\resources
2022-01-25 12:04:59,773 [Worker-67: Building] INFO  o.e.m.c.i.embedder.EclipseLogger - Using 'UTF-8' encoding to copy filtered resources.
2022-01-25 12:04:59,773 [Worker-67: Building] INFO  o.e.m.c.i.embedder.EclipseLogger - skip non existing resourceDirectory C:\Users\USUARIO\eclipse-workspace\carlosT\proyectMaven\project_maven\src\main\resources
2022-01-25 12:04:59,776 [Worker-67: Building] INFO  o.e.m.c.i.embedder.EclipseLogger - Using 'UTF-8' encoding to copy filtered resources.
2022-01-25 12:04:59,776 [Worker-67: Building] INFO  o.e.m.c.i.embedder.EclipseLogger - skip non existing resourceDirectory C:\Users\USUARIO\eclipse-workspace\carlosT\proyectMaven\project_maven\src\test\resources
2022-01-25 12:05:31,048 [Worker-64: Updating Maven Project] INFO  o.e.m.c.i.p.ProjectConfigurationManager - Update started
2022-01-25 12:05:31,333 [Worker-64: Updating Maven Project] INFO  o.e.m.c.i.l.LifecycleMappingFactory - Using org.maven.ide.eclipse.wtp.WarLifecycleMapping lifecycle mapping for MavenProject: com.tafur.maven:project_maven:0.0.1-SNAPSHOT @ C:\Users\USUARIO\eclipse-workspace\carlosT\proyectMaven\project_maven\pom.xml.
2022-01-25 12:05:31,951 [Worker-64: Updating Maven Project] INFO  o.e.m.j.i.AbstractJavaProjectConfigurator - Adding source folder /project_maven/src/main/java
2022-01-25 12:05:31,953 [Worker-64: Updating Maven Project] INFO  o.e.m.j.i.AbstractJavaProjectConfigurator - Adding source folder /project_maven/src/test/java
2022-01-25 12:05:32,367 [Worker-64: Updating Maven Project] INFO  o.e.m.w.i.f.ResourceFilteringBuildParticipant - Cleaning filtered folder for project_maven
2022-01-25 12:05:32,384 [Worker-64: Updating Maven Project] INFO  o.e.m.c.i.p.ProjectConfigurationManager - Update completed: 1 sec
2022-01-25 12:05:32,970 [Worker-63: Building] INFO  o.e.m.c.i.embedder.EclipseLogger - Using 'UTF-8' encoding to copy filtered resources.
2022-01-25 12:05:32,971 [Worker-63: Building] INFO  o.e.m.c.i.embedder.EclipseLogger - skip non existing resourceDirectory C:\Users\USUARIO\eclipse-workspace\carlosT\proyectMaven\project_maven\src\main\resources
2022-01-25 12:05:32,974 [Worker-63: Building] INFO  o.e.m.c.i.embedder.EclipseLogger - Using 'UTF-8' encoding to copy filtered resources.
2022-01-25 12:05:32,975 [Worker-63: Building] INFO  o.e.m.c.i.embedder.EclipseLogger - skip non existing resourceDirectory C:\Users\USUARIO\eclipse-workspace\carlosT\proyectMaven\project_maven\src\test\resources
2022-01-25 12:05:32,976 [Worker-63: Building] INFO  o.e.m.w.i.f.ResourceFilteringBuildParticipant - Changed resources require a complete clean of filtered resources of project_maven
2022-01-25 12:05:32,976 [Worker-63: Building] INFO  o.e.m.w.i.f.ResourceFilteringBuildParticipant - Executing resource filtering for project_maven
2022-01-25 12:05:32,985 [Worker-63: Building] INFO  o.e.m.c.i.embedder.EclipseLogger - Using 'UTF-8' encoding to copy filtered resources.
2022-01-25 12:05:46,581 [Worker-68: Building] INFO  o.e.m.c.i.embedder.EclipseLogger - Using 'UTF-8' encoding to copy filtered resources.
2022-01-25 12:05:46,582 [Worker-68: Building] INFO  o.e.m.c.i.embedder.EclipseLogger - skip non existing resourceDirectory C:\Users\USUARIO\eclipse-workspace\carlosT\proyectMaven\project_maven\src\main\resources
2022-01-25 12:05:46,585 [Worker-68: Building] INFO  o.e.m.c.i.embedder.EclipseLogger - Using 'UTF-8' encoding to copy filtered resources.
2022-01-25 12:05:46,585 [Worker-68: Building] INFO  o.e.m.c.i.embedder.EclipseLogger - skip non existing resourceDirectory C:\Users\USUARIO\eclipse-workspace\carlosT\proyectMaven\project_maven\src\test\resources
2022-01-25 12:05:55,993 [Worker-65: Building] INFO  o.e.m.c.i.embedder.EclipseLogger - Using 'UTF-8' encoding to copy filtered resources.
2022-01-25 12:05:55,994 [Worker-65: Building] INFO  o.e.m.c.i.embedder.EclipseLogger - skip non existing resourceDirectory C:\Users\USUARIO\eclipse-workspace\carlosT\proyectMaven\project_maven\src\main\resources
2022-01-25 12:05:55,997 [Worker-65: Building] INFO  o.e.m.c.i.embedder.EclipseLogger - Using 'UTF-8' encoding to copy filtered resources.
2022-01-25 12:05:55,998 [Worker-65: Building] INFO  o.e.m.c.i.embedder.EclipseLogger - skip non existing resourceDirectory C:\Users\USUARIO\eclipse-workspace\carlosT\proyectMaven\project_maven\src\test\resources
2022-01-25 12:06:11,348 [Worker-66: Building] INFO  o.e.m.c.i.embedder.EclipseLogger - Using 'UTF-8' encoding to copy filtered resources.
2022-01-25 12:06:11,349 [Worker-66: Building] INFO  o.e.m.c.i.embedder.EclipseLogger - skip non existing resourceDirectory C:\Users\USUARIO\eclipse-workspace\carlosT\proyectMaven\project_maven\src\main\resources
2022-01-25 12:06:11,351 [Worker-66: Building] INFO  o.e.m.c.i.embedder.EclipseLogger - Using 'UTF-8' encoding to copy filtered resources.
2022-01-25 12:06:11,352 [Worker-66: Building] INFO  o.e.m.c.i.embedder.EclipseLogger - skip non existing resourceDirectory C:\Users\USUARIO\eclipse-workspace\carlosT\proyectMaven\project_maven\src\test\resources
2022-01-25 12:06:22,111 [Worker-66: Updating Maven Project] INFO  o.e.m.c.i.p.ProjectConfigurationManager - Update started
2022-01-25 12:06:22,417 [Worker-66: Updating Maven Project] INFO  o.e.m.c.i.l.LifecycleMappingFactory - Using org.maven.ide.eclipse.wtp.WarLifecycleMapping lifecycle mapping for MavenProject: com.tafur.maven:project_maven:0.0.1-SNAPSHOT @ C:\Users\USUARIO\eclipse-workspace\carlosT\proyectMaven\project_maven\pom.xml.
2022-01-25 12:06:23,135 [Worker-66: Updating Maven Project] INFO  o.e.m.j.i.AbstractJavaProjectConfigurator - Adding source folder /project_maven/src/main/java
2022-01-25 12:06:23,136 [Worker-66: Updating Maven Project] INFO  o.e.m.j.i.AbstractJavaProjectConfigurator - Adding source folder /project_maven/src/test/java
2022-01-25 12:06:23,503 [Worker-66: Updating Maven Project] INFO  o.e.m.w.i.f.ResourceFilteringBuildParticipant - Cleaning filtered folder for project_maven
2022-01-25 12:06:23,514 [Worker-66: Updating Maven Project] INFO  o.e.m.c.i.p.ProjectConfigurationManager - Update completed: 1 sec
2022-01-25 12:06:24,196 [Worker-68: Building] INFO  o.e.m.c.i.embedder.EclipseLogger - Using 'UTF-8' encoding to copy filtered resources.
2022-01-25 12:06:24,197 [Worker-68: Building] INFO  o.e.m.c.i.embedder.EclipseLogger - skip non existing resourceDirectory C:\Users\USUARIO\eclipse-workspace\carlosT\proyectMaven\project_maven\src\main\resources
2022-01-25 12:06:24,200 [Worker-68: Building] INFO  o.e.m.c.i.embedder.EclipseLogger - Using 'UTF-8' encoding to copy filtered resources.
2022-01-25 12:06:24,201 [Worker-68: Building] INFO  o.e.m.c.i.embedder.EclipseLogger - skip non existing resourceDirectory C:\Users\USUARIO\eclipse-workspace\carlosT\proyectMaven\project_maven\src\test\resources
2022-01-25 12:06:24,201 [Worker-68: Building] INFO  o.e.m.w.i.f.ResourceFilteringBuildParticipant - Changed resources require a complete clean of filtered resources of project_maven
2022-01-25 12:06:24,201 [Worker-68: Building] INFO  o.e.m.w.i.f.ResourceFilteringBuildParticipant - Executing resource filtering for project_maven
2022-01-25 12:06:24,207 [Worker-68: Building] INFO  o.e.m.c.i.embedder.EclipseLogger - Using 'UTF-8' encoding to copy filtered resources.
2022-01-25 12:07:00,414 [Worker-54: Building] INFO  o.e.m.c.i.embedder.EclipseLogger - Using 'UTF-8' encoding to copy filtered resources.
2022-01-25 12:07:00,415 [Worker-54: Building] INFO  o.e.m.c.i.embedder.EclipseLogger - skip non existing resourceDirectory C:\Users\USUARIO\eclipse-workspace\carlosT\proyectMaven\project_maven\src\main\resources
2022-01-25 12:07:00,419 [Worker-54: Building] INFO  o.e.m.c.i.embedder.EclipseLogger - Using 'UTF-8' encoding to copy filtered resources.
2022-01-25 12:07:00,419 [Worker-54: Building] INFO  o.e.m.c.i.embedder.EclipseLogger - skip non existing resourceDirectory C:\Users\USUARIO\eclipse-workspace\carlosT\proyectMaven\project_maven\src\test\resources
2022-01-25 12:07:12,175 [Worker-58: Updating Maven Project] INFO  o.e.m.c.i.p.ProjectConfigurationManager - Update started
2022-01-25 12:07:12,465 [Worker-58: Updating Maven Project] INFO  o.e.m.c.i.l.LifecycleMappingFactory - Using org.maven.ide.eclipse.wtp.WarLifecycleMapping lifecycle mapping for MavenProject: com.tafur.maven:project_maven:0.0.1-SNAPSHOT @ C:\Users\USUARIO\eclipse-workspace\carlosT\proyectMaven\project_maven\pom.xml.
2022-01-25 12:07:13,086 [Worker-58: Updating Maven Project] INFO  o.e.m.j.i.AbstractJavaProjectConfigurator - Adding source folder /project_maven/src/main/java
2022-01-25 12:07:13,087 [Worker-58: Updating Maven Project] INFO  o.e.m.j.i.AbstractJavaProjectConfigurator - Adding source folder /project_maven/src/test/java
2022-01-25 12:07:13,400 [Worker-58: Updating Maven Project] INFO  o.e.m.w.i.f.ResourceFilteringBuildParticipant - Cleaning filtered folder for project_maven
2022-01-25 12:07:13,411 [Worker-58: Updating Maven Project] INFO  o.e.m.c.i.p.ProjectConfigurationManager - Update completed: 1 sec
2022-01-25 12:07:13,909 [Worker-65: Building] INFO  o.e.m.c.i.embedder.EclipseLogger - Using 'UTF-8' encoding to copy filtered resources.
2022-01-25 12:07:13,914 [Worker-65: Building] INFO  o.e.m.c.i.embedder.EclipseLogger - skip non existing resourceDirectory C:\Users\USUARIO\eclipse-workspace\carlosT\proyectMaven\project_maven\src\main\resources
2022-01-25 12:07:13,922 [Worker-65: Building] INFO  o.e.m.c.i.embedder.EclipseLogger - Using 'UTF-8' encoding to copy filtered resources.
2022-01-25 12:07:13,922 [Worker-65: Building] INFO  o.e.m.c.i.embedder.EclipseLogger - skip non existing resourceDirectory C:\Users\USUARIO\eclipse-workspace\carlosT\proyectMaven\project_maven\src\test\resources
2022-01-25 12:07:13,924 [Worker-65: Building] INFO  o.e.m.w.i.f.ResourceFilteringBuildParticipant - Changed resources require a complete clean of filtered resources of project_maven
2022-01-25 12:07:13,924 [Worker-65: Building] INFO  o.e.m.w.i.f.ResourceFilteringBuildParticipant - Executing resource filtering for project_maven
2022-01-25 12:07:13,934 [Worker-65: Building] INFO  o.e.m.c.i.embedder.EclipseLogger - Using 'UTF-8' encoding to copy filtered resources.
2022-01-25 12:08:40,858 [Worker-68: Building] INFO  o.e.m.c.i.l.LifecycleMappingFactory - Using org.maven.ide.eclipse.wtp.WarLifecycleMapping lifecycle mapping for MavenProject: com.tafur.maven:project_maven:0.0.1-SNAPSHOT @ C:\Users\USUARIO\eclipse-workspace\carlosT\proyectMaven\project_maven\pom.xml.
2022-01-25 12:08:41,876 [Worker-68: Building] INFO  o.e.m.c.i.embedder.EclipseLogger - Using 'UTF-8' encoding to copy filtered resources.
2022-01-25 12:08:41,876 [Worker-68: Building] INFO  o.e.m.c.i.embedder.EclipseLogger - skip non existing resourceDirectory C:\Users\USUARIO\eclipse-workspace\carlosT\proyectMaven\project_maven\src\main\resources
2022-01-25 12:08:41,881 [Worker-68: Building] INFO  o.e.m.c.i.embedder.EclipseLogger - Using 'UTF-8' encoding to copy filtered resources.
2022-01-25 12:08:41,881 [Worker-68: Building] INFO  o.e.m.c.i.embedder.EclipseLogger - skip non existing resourceDirectory C:\Users\USUARIO\eclipse-workspace\carlosT\proyectMaven\project_maven\src\test\resources
2022-01-25 12:08:41,882 [Worker-68: Building] INFO  o.e.m.w.i.f.ResourceFilteringBuildParticipant - Changed resources require a complete clean of filtered resources of project_maven
2022-01-25 12:08:41,883 [Worker-68: Building] INFO  o.e.m.w.i.f.ResourceFilteringBuildParticipant - Executing resource filtering for project_maven
2022-01-25 12:08:41,889 [Worker-68: Building] INFO  o.e.m.c.i.embedder.EclipseLogger - Using 'UTF-8' encoding to copy filtered resources.
2022-01-25 12:08:46,342 [Worker-58: Updating Maven Project] INFO  o.e.m.c.i.p.ProjectConfigurationManager - Update started
2022-01-25 12:08:46,639 [Worker-58: Updating Maven Project] INFO  o.e.m.c.i.l.LifecycleMappingFactory - Using org.maven.ide.eclipse.wtp.WarLifecycleMapping lifecycle mapping for MavenProject: com.tafur.maven:project_maven:0.0.1-SNAPSHOT @ C:\Users\USUARIO\eclipse-workspace\carlosT\proyectMaven\project_maven\pom.xml.
2022-01-25 12:08:47,286 [Worker-58: Updating Maven Project] INFO  o.e.m.j.i.AbstractJavaProjectConfigurator - Adding source folder /project_maven/src/main/java
2022-01-25 12:08:47,288 [Worker-58: Updating Maven Project] INFO  o.e.m.j.i.AbstractJavaProjectConfigurator - Adding source folder /project_maven/src/test/java
2022-01-25 12:08:47,618 [Worker-58: Updating Maven Project] INFO  o.e.m.w.i.f.ResourceFilteringBuildParticipant - Cleaning filtered folder for project_maven
2022-01-25 12:08:47,626 [Worker-58: Updating Maven Project] INFO  o.e.m.c.i.p.ProjectConfigurationManager - Update completed: 1 sec
2022-01-25 12:08:48,123 [Worker-67: Building] INFO  o.e.m.c.i.embedder.EclipseLogger - Using 'UTF-8' encoding to copy filtered resources.
2022-01-25 12:08:48,123 [Worker-67: Building] INFO  o.e.m.c.i.embedder.EclipseLogger - skip non existing resourceDirectory C:\Users\USUARIO\eclipse-workspace\carlosT\proyectMaven\project_maven\src\main\resources
2022-01-25 12:08:48,126 [Worker-67: Building] INFO  o.e.m.c.i.embedder.EclipseLogger - Using 'UTF-8' encoding to copy filtered resources.
2022-01-25 12:08:48,127 [Worker-67: Building] INFO  o.e.m.c.i.embedder.EclipseLogger - skip non existing resourceDirectory C:\Users\USUARIO\eclipse-workspace\carlosT\proyectMaven\project_maven\src\test\resources
2022-01-25 12:08:48,127 [Worker-67: Building] INFO  o.e.m.w.i.f.ResourceFilteringBuildParticipant - Changed resources require a complete clean of filtered resources of project_maven
2022-01-25 12:08:48,128 [Worker-67: Building] INFO  o.e.m.w.i.f.ResourceFilteringBuildParticipant - Executing resource filtering for project_maven
2022-01-25 12:08:48,134 [Worker-67: Building] INFO  o.e.m.c.i.embedder.EclipseLogger - Using 'UTF-8' encoding to copy filtered resources.
2022-01-25 12:10:21,550 [Worker-58: Creating maven-archetype-webapp] INFO  o.e.m.c.i.p.ProjectConfigurationManager - Collecting project info '/pom.xml' C:\Users\USUARIO\eclipse-workspace\carlosT\api\pom.xml
2022-01-25 12:10:21,929 [Worker-58: Creating maven-archetype-webapp] INFO  o.e.m.c.i.l.LifecycleMappingFactory - Using org.maven.ide.eclipse.wtp.WarLifecycleMapping lifecycle mapping for MavenProject: com.tafur.maven:api:0.0.1-SNAPSHOT @ C:\Users\USUARIO\eclipse-workspace\carlosT\api\pom.xml.
2022-01-25 12:10:22,622 [Worker-58: Creating maven-archetype-webapp] INFO  o.e.m.j.i.AbstractJavaProjectConfigurator - Adding source folder /api/src/main/java
2022-01-25 12:10:22,622 [Worker-58: Creating maven-archetype-webapp] INFO  o.e.m.j.i.AbstractJavaProjectConfigurator - Adding source folder /api/src/test/java
2022-01-25 12:10:23,406 [Worker-58: Creating maven-archetype-webapp] INFO  o.e.m.c.i.p.ProjectConfigurationManager - Imported and configured 1 project(s) in 1 sec
2022-01-25 12:10:23,683 [Worker-67: Building] INFO  o.e.m.c.i.embedder.EclipseLogger - Using 'UTF-8' encoding to copy filtered resources.
2022-01-25 12:10:23,684 [Worker-67: Building] INFO  o.e.m.c.i.embedder.EclipseLogger - skip non existing resourceDirectory C:\Users\USUARIO\eclipse-workspace\carlosT\api\src\main\resources
2022-01-25 12:10:23,687 [Worker-67: Building] INFO  o.e.m.c.i.embedder.EclipseLogger - Using 'UTF-8' encoding to copy filtered resources.
2022-01-25 12:10:23,687 [Worker-67: Building] INFO  o.e.m.c.i.embedder.EclipseLogger - skip non existing resourceDirectory C:\Users\USUARIO\eclipse-workspace\carlosT\api\src\test\resources
2022-01-25 12:10:24,852 [Worker-58: Building] INFO  o.e.m.c.i.embedder.EclipseLogger - Using 'UTF-8' encoding to copy filtered resources.
2022-01-25 12:10:24,853 [Worker-58: Building] INFO  o.e.m.c.i.embedder.EclipseLogger - skip non existing resourceDirectory C:\Users\USUARIO\eclipse-workspace\carlosT\api\src\main\resources
2022-01-25 12:10:24,855 [Worker-58: Building] INFO  o.e.m.c.i.embedder.EclipseLogger - Using 'UTF-8' encoding to copy filtered resources.
2022-01-25 12:10:24,856 [Worker-58: Building] INFO  o.e.m.c.i.embedder.EclipseLogger - skip non existing resourceDirectory C:\Users\USUARIO\eclipse-workspace\carlosT\api\src\test\resources
2022-01-25 12:11:01,410 [Worker-66: Building] INFO  o.e.m.c.i.l.LifecycleMappingFactory - Using org.maven.ide.eclipse.wtp.WarLifecycleMapping lifecycle mapping for MavenProject: com.tafur.maven:api:0.0.1-SNAPSHOT @ C:\Users\USUARIO\eclipse-workspace\carlosT\api\pom.xml.
2022-01-25 12:11:02,116 [Worker-66: Building] INFO  o.e.m.c.i.embedder.EclipseLogger - Using 'UTF-8' encoding to copy filtered resources.
2022-01-25 12:11:02,116 [Worker-66: Building] INFO  o.e.m.c.i.embedder.EclipseLogger - skip non existing resourceDirectory C:\Users\USUARIO\eclipse-workspace\carlosT\api\src\main\resources
2022-01-25 12:11:02,119 [Worker-66: Building] INFO  o.e.m.c.i.embedder.EclipseLogger - Using 'UTF-8' encoding to copy filtered resources.
2022-01-25 12:11:02,119 [Worker-66: Building] INFO  o.e.m.c.i.embedder.EclipseLogger - skip non existing resourceDirectory C:\Users\USUARIO\eclipse-workspace\carlosT\api\src\test\resources
2022-01-25 12:11:02,120 [Worker-66: Building] INFO  o.e.m.w.i.f.ResourceFilteringBuildParticipant - Changed resources require a complete clean of filtered resources of api
2022-01-25 12:11:02,120 [Worker-66: Building] INFO  o.e.m.w.i.f.ResourceFilteringBuildParticipant - Executing resource filtering for api
2022-01-25 12:11:02,126 [Worker-66: Building] INFO  o.e.m.c.i.embedder.EclipseLogger - Using 'UTF-8' encoding to copy filtered resources.
2022-01-25 12:11:16,520 [Worker-58: Building] INFO  o.e.m.c.i.embedder.EclipseLogger - Using 'UTF-8' encoding to copy filtered resources.
2022-01-25 12:11:16,520 [Worker-58: Building] INFO  o.e.m.c.i.embedder.EclipseLogger - skip non existing resourceDirectory C:\Users\USUARIO\eclipse-workspace\carlosT\api\src\main\resources
2022-01-25 12:11:16,523 [Worker-58: Building] INFO  o.e.m.c.i.embedder.EclipseLogger - Using 'UTF-8' encoding to copy filtered resources.
2022-01-25 12:11:16,523 [Worker-58: Building] INFO  o.e.m.c.i.embedder.EclipseLogger - skip non existing resourceDirectory C:\Users\USUARIO\eclipse-workspace\carlosT\api\src\test\resources
2022-01-25 12:11:47,873 [Worker-67: Building] INFO  o.e.m.c.i.l.LifecycleMappingFactory - Using org.maven.ide.eclipse.wtp.WarLifecycleMapping lifecycle mapping for MavenProject: com.tafur.maven:api:0.0.1-SNAPSHOT @ C:\Users\USUARIO\eclipse-workspace\carlosT\api\pom.xml.
2022-01-25 12:11:48,428 [Worker-67: Building] INFO  o.e.m.c.i.embedder.EclipseLogger - Using 'UTF-8' encoding to copy filtered resources.
2022-01-25 12:11:48,428 [Worker-67: Building] INFO  o.e.m.c.i.embedder.EclipseLogger - skip non existing resourceDirectory C:\Users\USUARIO\eclipse-workspace\carlosT\api\src\main\resources
2022-01-25 12:11:48,430 [Worker-67: Building] INFO  o.e.m.c.i.embedder.EclipseLogger - Using 'UTF-8' encoding to copy filtered resources.
2022-01-25 12:11:48,431 [Worker-67: Building] INFO  o.e.m.c.i.embedder.EclipseLogger - skip non existing resourceDirectory C:\Users\USUARIO\eclipse-workspace\carlosT\api\src\test\resources
2022-01-25 12:11:48,431 [Worker-67: Building] INFO  o.e.m.w.i.f.ResourceFilteringBuildParticipant - Changed resources require a complete clean of filtered resources of api
2022-01-25 12:11:48,432 [Worker-67: Building] INFO  o.e.m.w.i.f.ResourceFilteringBuildParticipant - Executing resource filtering for api
2022-01-25 12:11:48,529 [Worker-67: Building] INFO  o.e.m.c.i.embedder.EclipseLogger - Using 'UTF-8' encoding to copy filtered resources.
2022-01-25 12:12:08,078 [Worker-67: Updating Maven Project] INFO  o.e.m.c.i.p.ProjectConfigurationManager - Update started
2022-01-25 12:12:08,361 [Worker-67: Updating Maven Project] INFO  o.e.m.c.i.l.LifecycleMappingFactory - Using org.maven.ide.eclipse.wtp.WarLifecycleMapping lifecycle mapping for MavenProject: com.tafur.maven:api:0.0.1-SNAPSHOT @ C:\Users\USUARIO\eclipse-workspace\carlosT\api\pom.xml.
2022-01-25 12:12:09,194 [Worker-67: Updating Maven Project] INFO  o.e.m.j.i.AbstractJavaProjectConfigurator - Adding source folder /api/src/main/java
2022-01-25 12:12:09,203 [Worker-67: Updating Maven Project] INFO  o.e.m.j.i.AbstractJavaProjectConfigurator - Adding source folder /api/src/test/java
2022-01-25 12:12:09,778 [Worker-67: Updating Maven Project] INFO  o.e.m.w.i.f.ResourceFilteringBuildParticipant - Cleaning filtered folder for api
2022-01-25 12:12:09,788 [Worker-67: Updating Maven Project] INFO  o.e.m.c.i.p.ProjectConfigurationManager - Update completed: 1 sec
2022-01-25 12:12:09,948 [Worker-68: Building Project api] INFO  o.e.m.c.i.embedder.EclipseLogger - Using 'UTF-8' encoding to copy filtered resources.
2022-01-25 12:12:09,949 [Worker-68: Building Project api] INFO  o.e.m.c.i.embedder.EclipseLogger - skip non existing resourceDirectory C:\Users\USUARIO\eclipse-workspace\carlosT\api\src\main\resources
2022-01-25 12:12:09,953 [Worker-68: Building Project api] INFO  o.e.m.c.i.embedder.EclipseLogger - Using 'UTF-8' encoding to copy filtered resources.
2022-01-25 12:12:09,953 [Worker-68: Building Project api] INFO  o.e.m.c.i.embedder.EclipseLogger - skip non existing resourceDirectory C:\Users\USUARIO\eclipse-workspace\carlosT\api\src\test\resources
2022-01-25 12:12:09,958 [Worker-68: Building Project api] INFO  o.e.m.w.i.f.ResourceFilteringBuildParticipant - Changed resources require a complete clean of filtered resources of api
2022-01-25 12:12:09,958 [Worker-68: Building Project api] INFO  o.e.m.w.i.f.ResourceFilteringBuildParticipant - Executing resource filtering for api
2022-01-25 12:12:09,969 [Worker-68: Building Project api] INFO  o.e.m.c.i.embedder.EclipseLogger - Using 'UTF-8' encoding to copy filtered resources.
2022-01-26 08:02:07,001 [Worker-3: Loading available Gradle versions] INFO  o.e.b.c.i.u.g.PublishedGradleVersions - Gradle version information cache is out-of-date. Trying to update.
2022-01-28 09:07:43,412 [Worker-4: Loading available Gradle versions] INFO  o.e.b.c.i.u.g.PublishedGradleVersions - Gradle version information cache is out-of-date. Trying to update.
2022-01-29 09:46:30,154 [Worker-6: Loading available Gradle versions] INFO  o.e.b.c.i.u.g.PublishedGradleVersions - Gradle version information cache is out-of-date. Trying to update.
2022-01-29 09:46:41,941 [Worker-9: Updating indexes] INFO  o.e.m.c.i.i.nexus.NexusIndexManager - Updating index for repository: central|https://repo.maven.apache.org/maven2
2022-01-29 10:20:39,304 [Worker-9: Updating indexes] INFO  o.e.m.c.i.i.nexus.NexusIndexManager - Updated index for repository: central|https://repo.maven.apache.org/maven2 in 2037363 ms
2022-01-29 21:29:24,098 [Worker-4: Updating indexes] INFO  o.e.m.c.i.i.nexus.NexusIndexManager - Updating index for repository: central|https://repo.maven.apache.org/maven2
2022-01-30 08:12:53,660 [Worker-12: Updating indexes] INFO  o.e.m.c.i.i.nexus.NexusIndexManager - Updating index for repository: central|https://repo.maven.apache.org/maven2
2022-01-30 08:13:37,896 [Worker-12: Updating indexes] INFO  o.e.m.c.i.i.nexus.NexusIndexManager - Updated index for repository: central|https://repo.maven.apache.org/maven2 in 44241 ms
2022-01-30 08:14:20,389 [Worker-7: Loading available Gradle versions] INFO  o.e.b.c.i.u.g.PublishedGradleVersions - Gradle version information cache is up-to-date. Trying to read.
2022-01-30 08:15:23,321 [Worker-1: Building] INFO  o.e.m.c.i.embedder.EclipseLogger - Using 'UTF-8' encoding to copy filtered resources.
2022-01-30 08:15:23,321 [Worker-1: Building] INFO  o.e.m.c.i.embedder.EclipseLogger - skip non existing resourceDirectory C:\Users\USUARIO\eclipse-workspace\carlosT\api\src\main\resources
2022-01-30 08:15:23,327 [Worker-1: Building] INFO  o.e.m.c.i.embedder.EclipseLogger - Using 'UTF-8' encoding to copy filtered resources.
2022-01-30 08:15:23,327 [Worker-1: Building] INFO  o.e.m.c.i.embedder.EclipseLogger - skip non existing resourceDirectory C:\Users\USUARIO\eclipse-workspace\carlosT\api\src\test\resources
2022-01-31 10:45:17,105 [Worker-1: Loading available Gradle versions] INFO  o.e.b.c.i.u.g.PublishedGradleVersions - Gradle version information cache is out-of-date. Trying to update.
